1637481916018	geckodriver	INFO	Listening on 127.0.0.1:60311
1637481919565	geckodriver	INFO	Listening on 127.0.0.1:60323
1637482976612	geckodriver	INFO	Listening on 127.0.0.1:51480
1637483000000	geckodriver	INFO	Listening on 127.0.0.1:51497
1637483092383	geckodriver	INFO	Listening on 127.0.0.1:51520
1637483246630	geckodriver	INFO	Listening on 127.0.0.1:51541
1637483249787	mozrunner::runner	INFO	Running command: "C:\\Users\\bhara\\AppData\\Local\\Mozilla Firefox\\firefox.exe" "--marionette" "--remote-debugging-port" "51542" "-no-remote" "-profile" "C:\\Users\\bhara\\AppData\\Local\\Temp\\rust_mozprofileJHToGn"
1637483250166	Marionette	INFO	Marionette enabled
console.warn: SearchSettings: "get: No settings file exists, new profile?" (new NotFoundError("Could not open the file at C:\\Users\\bhara\\AppData\\Local\\Temp\\rust_mozprofileJHToGn\\search.json.mozlz4", (void 0)))
DevTools listening on ws://localhost:51542/devtools/browser/4ba72a3e-8fd6-47b6-98aa-45fda1553094
1637483252323	Marionette	INFO	Listening on port 51547
1637483252523	RemoteAgent	WARN	TLS certificate errors will be ignored for this session
JavaScript warning: https://accounts.google.com/o/oauth2/auth?client_id=717762328687-iludtf96g1hinl76e4lc1b9a82g457nn.apps.googleusercontent.com&scope=profile+email&redirect_uri=https%3a%2f%2fstackauth.com%2fauth%2foauth2%2fgoogle&state=%7b%22sid%22%3a1%2c%22st%22%3a%2259%3a3%3abbc%2c16%3a70fd51add3158377%2c10%3a1637483254%2c16%3a497467e3f4e59ddf%2ca0f3be8c35630d09e9969e6aed41d661ee4b58c25526fcec4846b788b6e34c61%22%2c%22cid%22%3a%22717762328687-iludtf96g1hinl76e4lc1b9a82g457nn.apps.googleusercontent.com%22%2c%22k%22%3a%22Google%22%2c%22ses%22%3a%226da5f0c73fe44e4e88f6ad7fd88cc31d%22%7d&response_type=code line 1 > eval line 7473 > eval, line 1: WEBGL_debug_renderer_info is deprecated in Firefox and will be removed. Please use RENDERER.
JavaScript warning: https://accounts.google.com/o/oauth2/auth?client_id=717762328687-iludtf96g1hinl76e4lc1b9a82g457nn.apps.googleusercontent.com&scope=profile+email&redirect_uri=https%3a%2f%2fstackauth.com%2fauth%2foauth2%2fgoogle&state=%7b%22sid%22%3a1%2c%22st%22%3a%2259%3a3%3abbc%2c16%3a70fd51add3158377%2c10%3a1637483254%2c16%3a497467e3f4e59ddf%2ca0f3be8c35630d09e9969e6aed41d661ee4b58c25526fcec4846b788b6e34c61%22%2c%22cid%22%3a%22717762328687-iludtf96g1hinl76e4lc1b9a82g457nn.apps.googleusercontent.com%22%2c%22k%22%3a%22Google%22%2c%22ses%22%3a%226da5f0c73fe44e4e88f6ad7fd88cc31d%22%7d&response_type=code line 1 > eval line 5637 > eval, line 1: WEBGL_debug_renderer_info is deprecated in Firefox and will be removed. Please use RENDERER.
1637483269711	Marionette	INFO	Stopped listening on port 51547
console.warn: TopSitesFeed: Failed to fetch data from Contile server: NetworkError when attempting to fetch resource.
1637483352395	geckodriver	INFO	Listening on 127.0.0.1:51697
1637483355560	mozrunner::runner	INFO	Running command: "C:\\Users\\bhara\\AppData\\Local\\Mozilla Firefox\\firefox.exe" "--marionette" "--remote-debugging-port" "51698" "-no-remote" "-profile" "C:\\Users\\bhara\\AppData\\Local\\Temp\\rust_mozprofile5ABipb"
1637483355920	Marionette	INFO	Marionette enabled
console.warn: SearchSettings: "get: No settings file exists, new profile?" (new NotFoundError("Could not open the file at C:\\Users\\bhara\\AppData\\Local\\Temp\\rust_mozprofile5ABipb\\search.json.mozlz4", (void 0)))
DevTools listening on ws://localhost:51698/devtools/browser/e3c45c42-85a2-45e4-9259-8b2cb3e62932
1637483358074	Marionette	INFO	Listening on port 51703
1637483358279	RemoteAgent	WARN	TLS certificate errors will be ignored for this session
JavaScript warning: https://meet.google.com/_/scs/mss-static/_/js/k=boq-rtc.MeetingsUi.en_US.sPTJyrvW0vI.2020.O/ck=boq-rtc.MeetingsUi.VHxi_UrFNcY.L.F4.O/am=xgWAIQBAAwCqBLT-IABCAhAMAACAB3QgyN37AYAAABkYgOAMAPv_AlJEAAgAABkCIAAAAPokiMAgBgAI/d=1/exm=LEikZe,_b,_tp,byfTOb,lsjVmc/excm=_b,_tp,calldesktoppageview/ed=1/wt=2/rs=AL5CKSE7AoRmkeyvi5kFOU_DU97v1qw92g/m=n73qwf,ws9Tlc,IZT63,e5qFLc,GkRiKb,UUJqVe,O1Gjze,xUdipf,blwjVc,fKUV3e,aurFic,COQbmf,U0aPgd,ZwDk9d,V3dDOb,mI3LFb,XU5LFb,m9oV,hl,rrm,jKHFJb,WO9ee,T6U9J,lHoXXe,SFhYHb,qIJF2,rsr,sVRBvb,AePfdf,KiD3i,RqS4qe,t8N1l,k2r0oe,nUMwj,FMq9Lb,O6y8ed,PrPYRd,MpJwZc,NwH0H,OmgaI,lazG7b,g9HNd,MsyKad,ma,tQz2Ve,Yvr34d,XVMNvd,L1AAkb,KUM7Z,lfpdyf,Fl2dbf,fFdwef,Mh3sMc,GcAaod,rn9YO,Y0bgVb,s39S4,lwddkf,gychg,w9hDv,RMhBfe,tgTcU,lAg79c,TH1Apc,FJm4Gb,SdcwHb,aW3pY,PQaYAf,P1S3zf,DM8swd,pw70Gc,EFQ78c,Ulmmrd,ZfAoz,mdR7q,Ivl8bd,kbLDWb,MdUzUe,I6YDgd,N5Lqpc,fgj8Rb,xQtZb,lPKSwe,y4Nztd,gJzDyc,JNoxi,MI6k7c,kjKdXe,texUgd,xGC4Gb,llTWPd,yDVVkb,E7GzYd,QIhFr,FYCkde,hKSk3e,FSOnAf,wfcdnd,cilABe,qexExd,DNsE7e,jdrlZe,sIckOb,swpmp,gtEOic,sszRX,wiZ2v,QQnX0,oUdseb,WWLNXd,sPwFo,CJeEuc,tZtmyd,Tnlgmf,dWHZee,DPQwOe,DDvSYd,NNJERe,KG2eXe,hc6Ubd,CvtcN,IVuTze,Lamzc,SpsfSb,Z7OaKe,cWjcJb,VwDzFe,NHietc,LgZW9b,Y87did,zbML3c,zbU9W,alwr6,Ebsiqd,ixOrqc,dlck6b,kmkrAf,A7fCU,Uas9Hd,BVgquf,a9EW5e,JGjVRe,hIO81e,pjICDe, line 3268: WEBGL_debug_renderer_info is deprecated in Firefox and will be removed. Please use RENDERER.
JavaScript error: https://meet.google.com/_/scs/mss-static/_/js/k=boq-rtc.MeetingsUi.en_US.sPTJyrvW0vI.2020.O/ck=boq-rtc.MeetingsUi.VHxi_UrFNcY.L.F4.O/am=xgWAIQBAAwCqBLT-IABCAhAMAACAB3QgyN37AYAAABkYgOAMAPv_AlJEAAgAABkCIAAAAPokiMAgBgAI/d=1/exm=LEikZe,_b,_tp,byfTOb,lsjVmc/excm=_b,_tp,calldesktoppageview/ed=1/wt=2/rs=AL5CKSE7AoRmkeyvi5kFOU_DU97v1qw92g/m=n73qwf,ws9Tlc,IZT63,e5qFLc,GkRiKb,UUJqVe,O1Gjze,xUdipf,blwjVc,fKUV3e,aurFic,COQbmf,U0aPgd,ZwDk9d,V3dDOb,mI3LFb,XU5LFb,m9oV,hl,rrm,jKHFJb,WO9ee,T6U9J,lHoXXe,SFhYHb,qIJF2,rsr,sVRBvb,AePfdf,KiD3i,RqS4qe,t8N1l,k2r0oe,nUMwj,FMq9Lb,O6y8ed,PrPYRd,MpJwZc,NwH0H,OmgaI,lazG7b,g9HNd,MsyKad,ma,tQz2Ve,Yvr34d,XVMNvd,L1AAkb,KUM7Z,lfpdyf,Fl2dbf,fFdwef,Mh3sMc,GcAaod,rn9YO,Y0bgVb,s39S4,lwddkf,gychg,w9hDv,RMhBfe,tgTcU,lAg79c,TH1Apc,FJm4Gb,SdcwHb,aW3pY,PQaYAf,P1S3zf,DM8swd,pw70Gc,EFQ78c,Ulmmrd,ZfAoz,mdR7q,Ivl8bd,kbLDWb,MdUzUe,I6YDgd,N5Lqpc,fgj8Rb,xQtZb,lPKSwe,y4Nztd,gJzDyc,JNoxi,MI6k7c,kjKdXe,texUgd,xGC4Gb,llTWPd,yDVVkb,E7GzYd,QIhFr,FYCkde,hKSk3e,FSOnAf,wfcdnd,cilABe,qexExd,DNsE7e,jdrlZe,sIckOb,swpmp,gtEOic,sszRX,wiZ2v,QQnX0,oUdseb,WWLNXd,sPwFo,CJeEuc,tZtmyd,Tnlgmf,dWHZee,DPQwOe,DDvSYd,NNJERe,KG2eXe,hc6Ubd,CvtcN,IVuTze,Lamzc,SpsfSb,Z7OaKe,cWjcJb,VwDzFe,NHietc,LgZW9b,Y87did,zbML3c,zbU9W,alwr6,Ebsiqd,ixOrqc,dlck6b,kmkrAf,A7fCU,Uas9Hd,BVgquf,a9EW5e,JGjVRe,hIO81e,pjICDe, line 8485: Error: startupCode: 200, error = {
  Ia = 403
  Ba = {
    alt-svc = "h3=":443"; ma=2592000,h3-29=":443"; ma=2592000,h3-Q050=":443"; ma=2592000,h3-Q046=":443"; ma=2592000,h3-Q043=":443"; ma=2592000,quic=":443"; ma=2592000; v="46,43""
    cache-control = "private"
    content-encoding = "gzip"
    content-length = "59"
    content-type = "application/x-protobuf"
    date = "Sun, 21 Nov 2021 08:29:20 GMT"
    server = "ESF"
    vary = "Origin, X-Origin, Referer"
    x-content-type-options = "nosniff"
    x-firefox-http3 = "h3"
    x-frame-options = "SAMEORIGIN"
    x-xss-protection = "0"
    closure_uid_920636328 = 65
  }
  Ha = NULL
  Ca = {
    tba = 39
    m$ = undefined
    closure_uid_920636328 = 66
  }
  Aa = {
    wb = -1
    Ba = {
      3 = {
        closure_uid_920636328 = 69
      }
      closure_uid_920636328 = 68
    }
    di = NULL
    ox = {
      0 = 7
      1 = "The caller does not have permission"
      2 = {
        closure_uid_920636328 = 71
      }
      closure_uid_920636328 = 70
    }
    ub = 1.7976931348623157e+308
    closure_uid_920636328 = 67
    Oc = "v3Bbmc"
  }
  cause = NULL
  stack = "@https://meet.google.com/_/scs/mss-static/_/js/k=boq-rtc.MeetingsUi.en_US.sPTJyrvW0vI.2020.O/ck=boq-rtc.MeetingsUi.VHxi_UrFNcY.L.F4.O/am=xgWAIQBAAwCqBLT-IABCAhAMAACAB3QgyN37AYAAABkYgOAMAPv_AlJEAAgAABkCIAAAAPokiMAgBgAI/d=1/exm=LEikZe,_b,_tp,byfTOb,lsjVmc/excm=_b,_tp,calldesktoppageview/ed=1/wt=2/rs=AL5CKSE7AoRmkeyvi5kFOU_DU97v1qw92g/m=n73qwf,ws9Tlc,IZT63,e5qFLc,GkRiKb,UUJqVe,O1Gjze,xUdipf,blwjVc,fKUV3e,aurFic,COQbmf,U0aPgd,ZwDk9d,V3dDOb,mI3LFb,XU5LFb,m9oV,hl,rrm,jKHFJb,WO9ee,T6U9J,lHoXXe,SFhYHb,qIJF2,rsr,sVRBvb,AePfdf,KiD3i,RqS4qe,t8N1l,k2r0oe,nUMwj,FMq9Lb,O6y8ed,PrPYRd,MpJwZc,NwH0H,OmgaI,lazG7b,g9HNd,MsyKad,ma,tQz2Ve,Yvr34d,XVMNvd,L1AAkb,KUM7Z,lfpdyf,Fl2dbf,fFdwef,Mh3sMc,GcAaod,rn9YO,Y0bgVb,s39S4,lwddkf,gychg,w9hDv,RMhBfe,tgTcU,lAg79c,TH1Apc,FJm4Gb,SdcwHb,aW3pY,PQaYAf,P1S3zf,DM8swd,pw70Gc,EFQ78c,Ulmmrd,ZfAoz,mdR7q,Ivl8bd,kbLDWb,MdUzUe,I6YDgd,N5Lqpc,fgj8Rb,xQtZb,lPKSwe,y4Nztd,gJzDyc,JNoxi,MI6k7c,kjKdXe,texUgd,xGC4Gb,llTWPd,yDVVkb,E7GzYd,QIhFr,FYCkde,hKSk3e,FSOnAf,wfcdnd,cilABe,qexExd,DNsE7e,jdrlZe,sIckOb,swpmp,gtEOic,sszRX,wiZ2v,QQnX0,oUdseb,WWLNXd,sPwFo,CJeEuc,tZtmyd,Tnlgmf,dWHZee,DPQwOe,DDvSYd,NNJERe,KG2eXe,hc6Ubd,CvtcN,IVuTze,Lamzc,SpsfSb,Z7OaKe,cWjcJb,VwDzFe,NHietc,LgZW9b,Y87did,zbML3c,zbU9W,alwr6,Ebsiqd,ixOrqc,dlck6b,kmkrAf,A7fCU,Uas9Hd,BVgquf,a9EW5e,JGjVRe,hIO81e,pjICDe:4470:171
  Hjd/<@https://meet.google.com/_/scs/mss-static/_/js/k=boq-rtc.MeetingsUi.en_US.sPTJyrvW0vI.2020.O/ck=boq-rtc.MeetingsUi.VHxi_UrFNcY.L.F4.O/am=xgWAIQBAAwCqBLT-IABCAhAMAACAB3QgyN37AYAAABkYgOAMAPv_AlJEAAgAABkCIAAAAPokiMAgBgAI/d=1/exm=LEikZe,_b,_tp,byfTOb,lsjVmc/excm=_b,_tp,calldesktoppageview/ed=1/wt=2/rs=AL5CKSE7AoRmkeyvi5kFOU_DU97v1qw92g/m=n73qwf,ws9Tlc,IZT63,e5qFLc,GkRiKb,UUJqVe,O1Gjze,xUdipf,blwjVc,fKUV3e,aurFic,COQbmf,U0aPgd,ZwDk9d,V3dDOb,mI3LFb,XU5LFb,m9oV,hl,rrm,jKHFJb,WO9ee,T6U9J,lHoXXe,SFhYHb,qIJF2,rsr,sVRBvb,AePfdf,KiD3i,RqS4qe,t8N1l,k2r0oe,nUMwj,FMq9Lb,O6y8ed,PrPYRd,MpJwZc,NwH0H,OmgaI,lazG7b,g9HNd,MsyKad,ma,tQz2Ve,Yvr34d,XVMNvd,L1AAkb,KUM7Z,lfpdyf,Fl2dbf,fFdwef,Mh3sMc,GcAaod,rn9YO,Y0bgVb,s39S4,lwddkf,gychg,w9hDv,RMhBfe,tgTcU,lAg79c,TH1Apc,FJm4Gb,SdcwHb,aW3pY,PQaYAf,P1S3zf,DM8swd,pw70Gc,EFQ78c,Ulmmrd,ZfAoz,mdR7q,Ivl8bd,kbLDWb,MdUzUe,I6YDgd,N5Lqpc,fgj8Rb,xQtZb,lPKSwe,y4Nztd,gJzDyc,JNoxi,MI6k7c,kjKdXe,texUgd,xGC4Gb,llTWPd,yDVVkb,E7GzYd,QIhFr,FYCkde,hKSk3e,FSOnAf,wfcdnd,cilABe,qexExd,DNsE7e,jdrlZe,sIckOb,swpmp,gtEOic,sszRX,wiZ2v,QQnX0,oUdseb,WWLNXd,sPwFo,CJeEuc,tZtmyd,Tnlgmf,dWHZee,DPQwOe,DDvSYd,NNJERe,KG2eXe,hc6Ubd,CvtcN,IVuTze,Lamzc,SpsfSb,Z7OaKe,cWjcJb,VwDzFe,NHietc,LgZW9b,Y87did,zbML3c,zbU9W,alwr6,Ebsiqd,ixOrqc,dlck6b,kmkrAf,A7fCU,Uas9Hd,BVgquf,a9EW5e,JGjVRe,hIO81e,pjICDe:4484:370
  
  makeRequest@https://meet.google.com/_/scs/mss-static/_/js/k=boq-rtc.MeetingsUi.en_US.sPTJyrvW0vI.2020.O/ck=boq-rtc.MeetingsUi.VHxi_UrFNcY.L.F4.O/am=xgWAIQBAAwCqBLT-IABCAhAMAACAB3QgyN37AYAAABkYgOAMAPv_AlJEAAgAABkCIAAAAPokiMAgBgAI/d=1/exm=LEikZe,_b,_tp,byfTOb,lsjVmc/excm=_b,_tp,calldesktoppageview/ed=1/wt=2/rs=AL5CKSE7AoRmkeyvi5kFOU_DU97v1qw92g/m=n73qwf,ws9Tlc,IZT63,e5qFLc,GkRiKb,UUJqVe,O1Gjze,xUdipf,blwjVc,fKUV3e,aurFic,COQbmf,U0aPgd,ZwDk9d,V3dDOb,mI3LFb,XU5LFb,m9oV,hl,rrm,jKHFJb,WO9ee,T6U9J,lHoXXe,SFhYHb,qIJF2,rsr,sVRBvb,AePfdf,KiD3i,RqS4qe,t8N1l,k2r0oe,nUMwj,FMq9Lb,O6y8ed,PrPYRd,MpJwZc,NwH0H,OmgaI,lazG7b,g9HNd,MsyKad,ma,tQz2Ve,Yvr34d,XVMNvd,L1AAkb,KUM7Z,lfpdyf,Fl2dbf,fFdwef,Mh3sMc,GcAaod,rn9YO,Y0bgVb,s39S4,lwddkf,gychg,w9hDv,RMhBfe,tgTcU,lAg79c,TH1Apc,FJm4Gb,SdcwHb,aW3pY,PQaYAf,P1S3zf,DM8swd,pw70Gc,EFQ78c,Ulmmrd,ZfAoz,mdR7q,Ivl8bd,kbLDWb,MdUzUe,I6YDgd,N5Lqpc,fgj8Rb,xQtZb,lPKSwe,y4Nztd,gJzDyc,JNoxi,MI6k7c,kjKdXe,texUgd,xGC4Gb,llTWPd,yDVVkb,E7GzYd,QIhFr,FYCkde,hKSk3e,FSOnAf,wfcdnd,cilABe,qexExd,DNsE7e,jdrlZe,sIckOb,swpmp,gtEOic,sszRX,wiZ2v,QQnX0,oUdseb,WWLNXd,sPwFo,CJeEuc,tZtmyd,Tnlgmf,dWHZee,DPQwOe,DDvSYd,NNJERe,KG2eXe,hc6Ubd,CvtcN,IVuTze,Lamzc,SpsfSb,Z7OaKe,cWjcJb,VwDzFe,NHietc,LgZW9b,Y87did,zbML3c,zbU9W,alwr6,Ebsiqd,ixOrqc,dlck6b,kmkrAf,A7fCU,Uas9Hd,BVgquf,a9EW5e,JGjVRe,hIO81e,pjICDe:4526:140
  _.Nod@https://meet.google.com/_/scs/mss-static/_/js/k=boq-rtc.MeetingsUi.en_US.sPTJyrvW0vI.2020.O/ck=boq-rtc.MeetingsUi.VHxi_UrFNcY.L.F4.O/am=xgWAIQBAAwCqBLT-IABCAhAMAACAB3QgyN37AYAAABkYgOAMAPv_AlJEAAgAABkCIAAAAPokiMAgBgAI/d=1/exm=LEikZe,_b,_tp,byfTOb,lsjVmc/excm=_b,_tp,calldesktoppageview/ed=1/wt=2/rs=AL5CKSE7AoRmkeyvi5kFOU_DU97v1qw92g/m=n73qwf,ws9Tlc,IZT63,e5qFLc,GkRiKb,UUJqVe,O1Gjze,xUdipf,blwjVc,fKUV3e,aurFic,COQbmf,U0aPgd,ZwDk9d,V3dDOb,mI3LFb,XU5LFb,m9oV,hl,rrm,jKHFJb,WO9ee,T6U9J,lHoXXe,SFhYHb,qIJF2,rsr,sVRBvb,AePfdf,KiD3i,RqS4qe,t8N1l,k2r0oe,nUMwj,FMq9Lb,O6y8ed,PrPYRd,MpJwZc,NwH0H,OmgaI,lazG7b,g9HNd,MsyKad,ma,tQz2Ve,Yvr34d,XVMNvd,L1AAkb,KUM7Z,lfpdyf,Fl2dbf,fFdwef,Mh3sMc,GcAaod,rn9YO,Y0bgVb,s39S4,lwddkf,gychg,w9hDv,RMhBfe,tgTcU,lAg79c,TH1Apc,FJm4Gb,SdcwHb,aW3pY,PQaYAf,P1S3zf,DM8swd,pw70Gc,EFQ78c,Ulmmrd,ZfAoz,mdR7q,Ivl8bd,kbLDWb,MdUzUe,I6YDgd,N5Lqpc,fgj8Rb,xQtZb,lPKSwe,y4Nztd,gJzDyc,JNoxi,MI6k7c,kjKdXe,texUgd,xGC4Gb,llTWPd,yDVVkb,E7GzYd,QIhFr,FYCkde,hKSk3e,FSOnAf,wfcdnd,cilABe,qexExd,DNsE7e,jdrlZe,sIckOb,swpmp,gtEOic,sszRX,wiZ2v,QQnX0,oUdseb,WWLNXd,sPwFo,CJeEuc,tZtmyd,Tnlgmf,dWHZee,DPQwOe,DDvSYd,NNJERe,KG2eXe,hc6Ubd,CvtcN,IVuTze,Lamzc,SpsfSb,Z7OaKe,cWjcJb,VwDzFe,NHietc,LgZW9b,Y87did,zbML3c,zbU9W,alwr6,Ebsiqd,ixOrqc,dlck6b,kmkrAf,A7fCU,Uas9Hd,BVgquf,a9EW5e,JGjVRe,hIO81e,pjICDe:5283:337
  _.Xod@https://meet.google.com/_/scs/mss-static/_/js/k=boq-rtc.MeetingsUi.en_US.sPTJyrvW0vI.2020.O/ck=boq-rtc.MeetingsUi.VHxi_UrFNcY.L.F4.O/am=xgWAIQBAAwCqBLT-IABCAhAMAACAB3QgyN37AYAAABkYgOAMAPv_AlJEAAgAABkCIAAAAPokiMAgBgAI/d=1/exm=LEikZe,_b,_tp,byfTOb,lsjVmc/excm=_b,_tp,calldesktoppageview/ed=1/wt=2/rs=AL5CKSE7AoRmkeyvi5kFOU_DU97v1qw92g/m=n73qwf,ws9Tlc,IZT63,e5qFLc,GkRiKb,UUJqVe,O1Gjze,xUdipf,blwjVc,fKUV3e,aurFic,COQbmf,U0aPgd,ZwDk9d,V3dDOb,mI3LFb,XU5LFb,m9oV,hl,rrm,jKHFJb,WO9ee,T6U9J,lHoXXe,SFhYHb,qIJF2,rsr,sVRBvb,AePfdf,KiD3i,RqS4qe,t8N1l,k2r0oe,nUMwj,FMq9Lb,O6y8ed,PrPYRd,MpJwZc,NwH0H,OmgaI,lazG7b,g9HNd,MsyKad,ma,tQz2Ve,Yvr34d,XVMNvd,L1AAkb,KUM7Z,lfpdyf,Fl2dbf,fFdwef,Mh3sMc,GcAaod,rn9YO,Y0bgVb,s39S4,lwddkf,gychg,w9hDv,RMhBfe,tgTcU,lAg79c,TH1Apc,FJm4Gb,SdcwHb,aW3pY,PQaYAf,P1S3zf,DM8swd,pw70Gc,EFQ78c,Ulmmrd,ZfAoz,mdR7q,Ivl8bd,kbLDWb,MdUzUe,I6YDgd,N5Lqpc,fgj8Rb,xQtZb,lPKSwe,y4Nztd,gJzDyc,JNoxi,MI6k7c,kjKdXe,texUgd,xGC4Gb,llTWPd,yDVVkb,E7GzYd,QIhFr,FYCkde,hKSk3e,FSOnAf,wfcdnd,cilABe,qexExd,DNsE7e,jdrlZe,sIckOb,swpmp,gtEOic,sszRX,wiZ2v,QQnX0,oUdseb,WWLNXd,sPwFo,CJeEuc,tZtmyd,Tnlgmf,dWHZee,DPQwOe,DDvSYd,NNJERe,KG2eXe,hc6Ubd,CvtcN,IVuTze,Lamzc,SpsfSb,Z7OaKe,cWjcJb,VwDzFe,NHietc,LgZW9b,Y87did,zbML3c,zbU9W,alwr6,Ebsiqd,ixOrqc,dlck6b,kmkrAf,A7fCU,Uas9Hd,BVgquf,a9EW5e,JGjVRe,hIO81e,pjICDe:5291:392
  Tba@https://meet.google.com/_/scs/mss-static/_/js/k=boq-rtc.MeetingsUi.en_US.sPTJyrvW0vI.2020.O/ck=boq-rtc.MeetingsUi.VHxi_UrFNcY.L.F4.O/am=xgWAIQBAAwCqBLT-IABCAhAMAACAB3QgyN37AYAAABkYgOAMAPv_AlJEAAgAABkCIAAAAPokiMAgBgAI/d=1/exm=LEikZe,_b,_tp,byfTOb,lsjVmc/excm=_b,_tp,calldesktoppageview/ed=1/wt=2/rs=AL5CKSE7AoRmkeyvi5kFOU_DU97v1qw92g/m=n73qwf,ws9Tlc,IZT63,e5qFLc,GkRiKb,UUJqVe,O1Gjze,xUdipf,blwjVc,fKUV3e,aurFic,COQbmf,U0aPgd,ZwDk9d,V3dDOb,mI3LFb,XU5LFb,m9oV,hl,rrm,jKHFJb,WO9ee,T6U9J,lHoXXe,SFhYHb,qIJF2,rsr,sVRBvb,AePfdf,KiD3i,RqS4qe,t8N1l,k2r0oe,nUMwj,FMq9Lb,O6y8ed,PrPYRd,MpJwZc,NwH0H,OmgaI,lazG7b,g9HNd,MsyKad,ma,tQz2Ve,Yvr34d,XVMNvd,L1AAkb,KUM7Z,lfpdyf,Fl2dbf,fFdwef,Mh3sMc,GcAaod,rn9YO,Y0bgVb,s39S4,lwddkf,gychg,w9hDv,RMhBfe,tgTcU,lAg79c,TH1Apc,FJm4Gb,SdcwHb,aW3pY,PQaYAf,P1S3zf,DM8swd,pw70Gc,EFQ78c,Ulmmrd,ZfAoz,mdR7q,Ivl8bd,kbLDWb,MdUzUe,I6YDgd,N5Lqpc,fgj8Rb,xQtZb,lPKSwe,y4Nztd,gJzDyc,JNoxi,MI6k7c,kjKdXe,texUgd,xGC4Gb,llTWPd,yDVVkb,E7GzYd,QIhFr,FYCkde,hKSk3e,FSOnAf,wfcdnd,cilABe,qexExd,DNsE7e,jdrlZe,sIckOb,swpmp,gtEOic,sszRX,wiZ2v,QQnX0,oUdseb,WWLNXd,sPwFo,CJeEuc,tZtmyd,Tnlgmf,dWHZee,DPQwOe,DDvSYd,NNJERe,KG2eXe,hc6Ubd,CvtcN,IVuTze,Lamzc,SpsfSb,Z7OaKe,cWjcJb,VwDzFe,NHietc,LgZW9b,Y87did,zbML3c,zbU9W,alwr6,Ebsiqd,ixOrqc,dlck6b,kmkrAf,A7fCU,Uas9Hd,BVgquf,a9EW5e,JGjVRe,hIO81e,pjICDe:5292:184
  Tba@https://meet.google.com/_/scs/mss-static/_/js/k=boq-rtc.MeetingsUi.en_US.sPTJyrvW0vI.2020.O/ck=boq-rtc.MeetingsUi.VHxi_UrFNcY.L.F4.O/am=xgWAIQBAAwCqBLT-IABCAhAMAACAB3QgyN37AYAAABkYgOAMAPv_AlJEAAgAABkCIAAAAPokiMAgBgAI/d=1/exm=LEikZe,_b,_tp,byfTOb,lsjVmc/excm=_b,_tp,calldesktoppageview/ed=1/wt=2/rs=AL5CKSE7AoRmkeyvi5kFOU_DU97v1qw92g/m=n73qwf,ws9Tlc,IZT63,e5qFLc,GkRiKb,UUJqVe,O1Gjze,xUdipf,blwjVc,fKUV3e,aurFic,COQbmf,U0aPgd,ZwDk9d,V3dDOb,mI3LFb,XU5LFb,m9oV,hl,rrm,jKHFJb,WO9ee,T6U9J,lHoXXe,SFhYHb,qIJF2,rsr,sVRBvb,AePfdf,KiD3i,RqS4qe,t8N1l,k2r0oe,nUMwj,FMq9Lb,O6y8ed,PrPYRd,MpJwZc,NwH0H,OmgaI,lazG7b,g9HNd,MsyKad,ma,tQz2Ve,Yvr34d,XVMNvd,L1AAkb,KUM7Z,lfpdyf,Fl2dbf,fFdwef,Mh3sMc,GcAaod,rn9YO,Y0bgVb,s39S4,lwddkf,gychg,w9hDv,RMhBfe,tgTcU,lAg79c,TH1Apc,FJm4Gb,SdcwHb,aW3pY,PQaYAf,P1S3zf,DM8swd,pw70Gc,EFQ78c,Ulmmrd,ZfAoz,mdR7q,Ivl8bd,kbLDWb,MdUzUe,I6YDgd,N5Lqpc,fgj8Rb,xQtZb,lPKSwe,y4Nztd,gJzDyc,JNoxi,MI6k7c,kjKdXe,texUgd,xGC4Gb,llTWPd,yDVVkb,E7GzYd,QIhFr,FYCkde,hKSk3e,FSOnAf,wfcdnd,cilABe,qexExd,DNsE7e,jdrlZe,sIckOb,swpmp,gtEOic,sszRX,wiZ2v,QQnX0,oUdseb,WWLNXd,sPwFo,CJeEuc,tZtmyd,Tnlgmf,dWHZee,DPQwOe,DDvSYd,NNJERe,KG2eXe,hc6Ubd,CvtcN,IVuTze,Lamzc,SpsfSb,Z7OaKe,cWjcJb,VwDzFe,NHietc,LgZW9b,Y87did,zbML3c,zbU9W,alwr6,Ebsiqd,ixOrqc,dlck6b,kmkrAf,A7fCU,Uas9Hd,BVgquf,a9EW5e,JGjVRe,hIO81e,pjICDe:5665:264
  KMe@https://meet.google.com/_/scs/mss-static/_/js/k=boq-rtc.MeetingsUi.en_US.sPTJyrvW0vI.2020.O/ck=boq-rtc.MeetingsUi.VHxi_UrFNcY.L.F4.O/am=xgWAIQBAAwCqBLT-IABCAhAMAACAB3QgyN37AYAAABkYgOAMAPv_AlJEAAgAABkCIAAAAPokiMAgBgAI/d=1/exm=LEikZe,_b,_tp,byfTOb,lsjVmc/excm=_b,_tp,calldesktoppageview/ed=1/wt=2/rs=AL5CKSE7AoRmkeyvi5kFOU_DU97v1qw92g/m=n73qwf,ws9Tlc,IZT63,e5qFLc,GkRiKb,UUJqVe,O1Gjze,xUdipf,blwjVc,fKUV3e,aurFic,COQbmf,U0aPgd,ZwDk9d,V3dDOb,mI3LFb,XU5LFb,m9oV,hl,rrm,jKHFJb,WO9ee,T6U9J,lHoXXe,SFhYHb,qIJF2,rsr,sVRBvb,AePfdf,KiD3i,RqS4qe,t8N1l,k2r0oe,nUMwj,FMq9Lb,O6y8ed,PrPYRd,MpJwZc,NwH0H,OmgaI,lazG7b,g9HNd,MsyKad,ma,tQz2Ve,Yvr34d,XVMNvd,L1AAkb,KUM7Z,lfpdyf,Fl2dbf,fFdwef,Mh3sMc,GcAaod,rn9YO,Y0bgVb,s39S4,lwddkf,gychg,w9hDv,RMhBfe,tgTcU,lAg79c,TH1Apc,FJm4Gb,SdcwHb,aW3pY,PQaYAf,P1S3zf,DM8swd,pw70Gc,EFQ78c,Ulmmrd,ZfAoz,mdR7q,Ivl8bd,kbLDWb,MdUzUe,I6YDgd,N5Lqpc,fgj8Rb,xQtZb,lPKSwe,y4Nztd,gJzDyc,JNoxi,MI6k7c,kjKdXe,texUgd,xGC4Gb,llTWPd,yDVVkb,E7GzYd,QIhFr,FYCkde,hKSk3e,FSOnAf,wfcdnd,cilABe,qexExd,DNsE7e,jdrlZe,sIckOb,swpmp,gtEOic,sszRX,wiZ2v,QQnX0,oUdseb,WWLNXd,sPwFo,CJeEuc,tZtmyd,Tnlgmf,dWHZee,DPQwOe,DDvSYd,NNJERe,KG2eXe,hc6Ubd,CvtcN,IVuTze,Lamzc,SpsfSb,Z7OaKe,cWjcJb,VwDzFe,NHietc,LgZW9b,Y87did,zbML3c,zbU9W,alwr6,Ebsiqd,ixOrqc,dlck6b,kmkrAf,A7fCU,Uas9Hd,BVgquf,a9EW5e,JGjVRe,hIO81e,pjICDe:8843:345
  MMe@https://meet.google.com/_/scs/mss-static/_/js/k=boq-rtc.MeetingsUi.en_US.sPTJyrvW0vI.2020.O/ck=boq-rtc.MeetingsUi.VHxi_UrFNcY.L.F4.O/am=xgWAIQBAAwCqBLT-IABCAhAMAACAB3QgyN37AYAAABkYgOAMAPv_AlJEAAgAABkCIAAAAPokiMAgBgAI/d=1/exm=LEikZe,_b,_tp,byfTOb,lsjVmc/excm=_b,_tp,calldesktoppageview/ed=1/wt=2/rs=AL5CKSE7AoRmkeyvi5kFOU_DU97v1qw92g/m=n73qwf,ws9Tlc,IZT63,e5qFLc,GkRiKb,UUJqVe,O1Gjze,xUdipf,blwjVc,fKUV3e,aurFic,COQbmf,U0aPgd,ZwDk9d,V3dDOb,mI3LFb,XU5LFb,m9oV,hl,rrm,jKHFJb,WO9ee,T6U9J,lHoXXe,SFhYHb,qIJF2,rsr,sVRBvb,AePfdf,KiD3i,RqS4qe,t8N1l,k2r0oe,nUMwj,FMq9Lb,O6y8ed,PrPYRd,MpJwZc,NwH0H,OmgaI,lazG7b,g9HNd,MsyKad,ma,tQz2Ve,Yvr34d,XVMNvd,L1AAkb,KUM7Z,lfpdyf,Fl2dbf,fFdwef,Mh3sMc,GcAaod,rn9YO,Y0bgVb,s39S4,lwddkf,gychg,w9hDv,RMhBfe,tgTcU,lAg79c,TH1Apc,FJm4Gb,SdcwHb,aW3pY,PQaYAf,P1S3zf,DM8swd,pw70Gc,EFQ78c,Ulmmrd,ZfAoz,mdR7q,Ivl8bd,kbLDWb,MdUzUe,I6YDgd,N5Lqpc,fgj8Rb,xQtZb,lPKSwe,y4Nztd,gJzDyc,JNoxi,MI6k7c,kjKdXe,texUgd,xGC4Gb,llTWPd,yDVVkb,E7GzYd,QIhFr,FYCkde,hKSk3e,FSOnAf,wfcdnd,cilABe,qexExd,DNsE7e,jdrlZe,sIckOb,swpmp,gtEOic,sszRX,wiZ2v,QQnX0,oUdseb,WWLNXd,sPwFo,CJeEuc,tZtmyd,Tnlgmf,dWHZee,DPQwOe,DDvSYd,NNJERe,KG2eXe,hc6Ubd,CvtcN,IVuTze,Lamzc,SpsfSb,Z7OaKe,cWjcJb,VwDzFe,NHietc,LgZW9b,Y87did,zbML3c,zbU9W,alwr6,Ebsiqd,ixOrqc,dlck6b,kmkrAf,A7fCU,Uas9Hd,BVgquf,a9EW5e,JGjVRe,hIO81e,pjICDe:8839:63
  @https://meet.google.com/_/scs/mss-static/_/js/k=boq-rtc.MeetingsUi.en_US.sPTJyrvW0vI.2020.O/ck=boq-rtc.MeetingsUi.VHxi_UrFNcY.L.F4.O/am=xgWAIQBAAwCqBLT-IABCAhAMAACAB3QgyN37AYAAABkYgOAMAPv_AlJEAAgAABkCIAAAAPokiMAgBgAI/d=1/exm=LEikZe,_b,_tp,byfTOb,lsjVmc/excm=_b,_tp,calldesktoppageview/ed=1/wt=2/rs=AL5CKSE7AoRmkeyvi5kFOU_DU97v1qw92g/m=n73qwf,ws9Tlc,IZT63,e5qFLc,GkRiKb,UUJqVe,O1Gjze,xUdipf,blwjVc,fKUV3e,aurFic,COQbmf,U0aPgd,ZwDk9d,V3dDOb,mI3LFb,XU5LFb,m9oV,hl,rrm,jKHFJb,WO9ee,T6U9J,lHoXXe,SFhYHb,qIJF2,rsr,sVRBvb,AePfdf,KiD3i,RqS4qe,t8N1l,k2r0oe,nUMwj,FMq9Lb,O6y8ed,PrPYRd,MpJwZc,NwH0H,OmgaI,lazG7b,g9HNd,MsyKad,ma,tQz2Ve,Yvr34d,XVMNvd,L1AAkb,KUM7Z,lfpdyf,Fl2dbf,fFdwef,Mh3sMc,GcAaod,rn9YO,Y0bgVb,s39S4,lwddkf,gychg,w9hDv,RMhBfe,tgTcU,lAg79c,TH1Apc,FJm4Gb,SdcwHb,aW3pY,PQaYAf,P1S3zf,DM8swd,pw70Gc,EFQ78c,Ulmmrd,ZfAoz,mdR7q,Ivl8bd,kbLDWb,MdUzUe,I6YDgd,N5Lqpc,fgj8Rb,xQtZb,lPKSwe,y4Nztd,gJzDyc,JNoxi,MI6k7c,kjKdXe,texUgd,xGC4Gb,llTWPd,yDVVkb,E7GzYd,QIhFr,FYCkde,hKSk3e,FSOnAf,wfcdnd,cilABe,qexExd,DNsE7e,jdrlZe,sIckOb,swpmp,gtEOic,sszRX,wiZ2v,QQnX0,oUdseb,WWLNXd,sPwFo,CJeEuc,tZtmyd,Tnlgmf,dWHZee,DPQwOe,DDvSYd,NNJERe,KG2eXe,hc6Ubd,CvtcN,IVuTze,Lamzc,SpsfSb,Z7OaKe,cWjcJb,VwDzFe,NHietc,LgZW9b,Y87did,zbML3c,zbU9W,alwr6,Ebsiqd,ixOrqc,dlck6b,kmkrAf,A7fCU,Uas9Hd,BVgquf,a9EW5e,JGjVRe,hIO81e,pjICDe:8854:363
  jha/e.oa</e.Ba<@https://meet.google.com/_/scs/mss-static/_/js/k=boq-rtc.MeetingsUi.en_US.sPTJyrvW0vI.2020.O/am=xgWAIQBAAwCqBLT-IABCAhAMAACAB3QgyN37AYAAABkYgOAMAPv_AlJEAAgAABkCIAAAAPokiMAgBgAI/d=1/excm=_b,_tp,calldesktoppageview/ed=1/dg=0/wt=2/rs=AL5CKSF46EtvVqI13BgIKfE4JuvQ6tgXKA/m=_b,_tp:177:470
  rha@https://meet.google.com/_/scs/mss-static/_/js/k=boq-rtc.MeetingsUi.en_US.sPTJyrvW0vI.2020.O/am=xgWAIQBAAwCqBLT-IABCAhAMAACAB3QgyN37AYAAABkYgOAMAPv_AlJEAAgAABkCIAAAAPokiMAgBgAI/d=1/excm=_b,_tp,calldesktoppageview/ed=1/dg=0/wt=2/rs=AL5CKSF46EtvVqI13BgIKfE4JuvQ6tgXKA/m=_b,_tp:180:336
  nha@https://meet.google.com/_/scs/mss-static/_/js/k=boq-rtc.MeetingsUi.en_US.sPTJyrvW0vI.2020.O/am=xgWAIQBAAwCqBLT-IABCAhAMAACAB3QgyN37AYAAABkYgOAMAPv_AlJEAAgAABkCIAAAAPokiMAgBgAI/d=1/excm=_b,_tp,calldesktoppageview/ed=1/dg=0/wt=2/rs=AL5CKSF46EtvVqI13BgIKfE4JuvQ6tgXKA/m=_b,_tp:180:211
  _.Fg.prototype.isa@https://meet.google.com/_/scs/mss-static/_/js/k=boq-rtc.MeetingsUi.en_US.sPTJyrvW0vI.2020.O/am=xgWAIQBAAwCqBLT-IABCAhAMAACAB3QgyN37AYAAABkYgOAMAPv_AlJEAAgAABkCIAAAAPokiMAgBgAI/d=1/excm=_b,_tp,calldesktoppageview/ed=1/dg=0/wt=2/rs=AL5CKSF46EtvVqI13BgIKfE4JuvQ6tgXKA/m=_b,_tp:180:79
  aha@https://meet.google.com/_/scs/mss-static/_/js/k=boq-rtc.MeetingsUi.en_US.sPTJyrvW0vI.2020.O/am=xgWAIQBAAwCqBLT-IABCAhAMAACAB3QgyN37AYAAABkYgOAMAPv_AlJEAAgAABkCIAAAAPokiMAgBgAI/d=1/excm=_b,_tp,calldesktoppageview/ed=1/dg=0/wt=2/rs=AL5CKSF46EtvVqI13BgIKfE4JuvQ6tgXKA/m=_b,_tp:171:308
  "
  closure_uid_920636328 = 64
}
JavaScript error: https://meet.google.com/_/scs/mss-static/_/js/k=boq-rtc.MeetingsUi.en_US.sPTJyrvW0vI.2020.O/ck=boq-rtc.MeetingsUi.VHxi_UrFNcY.L.F4.O/am=xgWAIQBAAwCqBLT-IABCAhAMAACAB3QgyN37AYAAABkYgOAMAPv_AlJEAAgAABkCIAAAAPokiMAgBgAI/d=1/exm=LEikZe,_b,_tp,byfTOb,lsjVmc/excm=_b,_tp,calldesktoppageview/ed=1/wt=2/rs=AL5CKSE7AoRmkeyvi5kFOU_DU97v1qw92g/m=n73qwf,ws9Tlc,IZT63,e5qFLc,GkRiKb,UUJqVe,O1Gjze,xUdipf,blwjVc,fKUV3e,aurFic,COQbmf,U0aPgd,ZwDk9d,V3dDOb,mI3LFb,XU5LFb,m9oV,hl,rrm,jKHFJb,WO9ee,T6U9J,lHoXXe,SFhYHb,qIJF2,rsr,sVRBvb,AePfdf,KiD3i,RqS4qe,t8N1l,k2r0oe,nUMwj,FMq9Lb,O6y8ed,PrPYRd,MpJwZc,NwH0H,OmgaI,lazG7b,g9HNd,MsyKad,ma,tQz2Ve,Yvr34d,XVMNvd,L1AAkb,KUM7Z,lfpdyf,Fl2dbf,fFdwef,Mh3sMc,GcAaod,rn9YO,Y0bgVb,s39S4,lwddkf,gychg,w9hDv,RMhBfe,tgTcU,lAg79c,TH1Apc,FJm4Gb,SdcwHb,aW3pY,PQaYAf,P1S3zf,DM8swd,pw70Gc,EFQ78c,Ulmmrd,ZfAoz,mdR7q,Ivl8bd,kbLDWb,MdUzUe,I6YDgd,N5Lqpc,fgj8Rb,xQtZb,lPKSwe,y4Nztd,gJzDyc,JNoxi,MI6k7c,kjKdXe,texUgd,xGC4Gb,llTWPd,yDVVkb,E7GzYd,QIhFr,FYCkde,hKSk3e,FSOnAf,wfcdnd,cilABe,qexExd,DNsE7e,jdrlZe,sIckOb,swpmp,gtEOic,sszRX,wiZ2v,QQnX0,oUdseb,WWLNXd,sPwFo,CJeEuc,tZtmyd,Tnlgmf,dWHZee,DPQwOe,DDvSYd,NNJERe,KG2eXe,hc6Ubd,CvtcN,IVuTze,Lamzc,SpsfSb,Z7OaKe,cWjcJb,VwDzFe,NHietc,LgZW9b,Y87did,zbML3c,zbU9W,alwr6,Ebsiqd,ixOrqc,dlck6b,kmkrAf,A7fCU,Uas9Hd,BVgquf,a9EW5e,JGjVRe,hIO81e,pjICDe, line 8485: Error: DisconnectedError, EndCause = 72
JavaScript error: , line 0: uncaught exception: Object
JavaScript error: , line 0: uncaught exception: Object
JavaScript error: , line 0: uncaught exception: Object
JavaScript error: https://meet.google.com/_/scs/mss-static/_/js/k=boq-rtc.MeetingsUi.en_US.sPTJyrvW0vI.2020.O/ck=boq-rtc.MeetingsUi.VHxi_UrFNcY.L.F4.O/am=xgWAIQBAAwCqBLT-IABCAhAMAACAB3QgyN37AYAAABkYgOAMAPv_AlJEAAgAABkCIAAAAPokiMAgBgAI/d=1/exm=LEikZe,_b,_tp,byfTOb,lsjVmc/excm=_b,_tp,calldesktoppageview/ed=1/wt=2/rs=AL5CKSE7AoRmkeyvi5kFOU_DU97v1qw92g/m=n73qwf,ws9Tlc,IZT63,e5qFLc,GkRiKb,UUJqVe,O1Gjze,xUdipf,blwjVc,fKUV3e,aurFic,COQbmf,U0aPgd,ZwDk9d,V3dDOb,mI3LFb,XU5LFb,m9oV,hl,rrm,jKHFJb,WO9ee,T6U9J,lHoXXe,SFhYHb,qIJF2,rsr,sVRBvb,AePfdf,KiD3i,RqS4qe,t8N1l,k2r0oe,nUMwj,FMq9Lb,O6y8ed,PrPYRd,MpJwZc,NwH0H,OmgaI,lazG7b,g9HNd,MsyKad,ma,tQz2Ve,Yvr34d,XVMNvd,L1AAkb,KUM7Z,lfpdyf,Fl2dbf,fFdwef,Mh3sMc,GcAaod,rn9YO,Y0bgVb,s39S4,lwddkf,gychg,w9hDv,RMhBfe,tgTcU,lAg79c,TH1Apc,FJm4Gb,SdcwHb,aW3pY,PQaYAf,P1S3zf,DM8swd,pw70Gc,EFQ78c,Ulmmrd,ZfAoz,mdR7q,Ivl8bd,kbLDWb,MdUzUe,I6YDgd,N5Lqpc,fgj8Rb,xQtZb,lPKSwe,y4Nztd,gJzDyc,JNoxi,MI6k7c,kjKdXe,texUgd,xGC4Gb,llTWPd,yDVVkb,E7GzYd,QIhFr,FYCkde,hKSk3e,FSOnAf,wfcdnd,cilABe,qexExd,DNsE7e,jdrlZe,sIckOb,swpmp,gtEOic,sszRX,wiZ2v,QQnX0,oUdseb,WWLNXd,sPwFo,CJeEuc,tZtmyd,Tnlgmf,dWHZee,DPQwOe,DDvSYd,NNJERe,KG2eXe,hc6Ubd,CvtcN,IVuTze,Lamzc,SpsfSb,Z7OaKe,cWjcJb,VwDzFe,NHietc,LgZW9b,Y87did,zbML3c,zbU9W,alwr6,Ebsiqd,ixOrqc,dlck6b,kmkrAf,A7fCU,Uas9Hd,BVgquf,a9EW5e,JGjVRe,hIO81e,pjICDe, line 8485: Error: DisconnectedError, EndCause = 72
JavaScript error: https://meet.google.com/_/scs/mss-static/_/js/k=boq-rtc.MeetingsUi.en_US.sPTJyrvW0vI.2020.O/ck=boq-rtc.MeetingsUi.VHxi_UrFNcY.L.F4.O/am=xgWAIQBAAwCqBLT-IABCAhAMAACAB3QgyN37AYAAABkYgOAMAPv_AlJEAAgAABkCIAAAAPokiMAgBgAI/d=1/exm=LEikZe,_b,_tp,byfTOb,lsjVmc/excm=_b,_tp,calldesktoppageview/ed=1/wt=2/rs=AL5CKSE7AoRmkeyvi5kFOU_DU97v1qw92g/m=n73qwf,ws9Tlc,IZT63,e5qFLc,GkRiKb,UUJqVe,O1Gjze,xUdipf,blwjVc,fKUV3e,aurFic,COQbmf,U0aPgd,ZwDk9d,V3dDOb,mI3LFb,XU5LFb,m9oV,hl,rrm,jKHFJb,WO9ee,T6U9J,lHoXXe,SFhYHb,qIJF2,rsr,sVRBvb,AePfdf,KiD3i,RqS4qe,t8N1l,k2r0oe,nUMwj,FMq9Lb,O6y8ed,PrPYRd,MpJwZc,NwH0H,OmgaI,lazG7b,g9HNd,MsyKad,ma,tQz2Ve,Yvr34d,XVMNvd,L1AAkb,KUM7Z,lfpdyf,Fl2dbf,fFdwef,Mh3sMc,GcAaod,rn9YO,Y0bgVb,s39S4,lwddkf,gychg,w9hDv,RMhBfe,tgTcU,lAg79c,TH1Apc,FJm4Gb,SdcwHb,aW3pY,PQaYAf,P1S3zf,DM8swd,pw70Gc,EFQ78c,Ulmmrd,ZfAoz,mdR7q,Ivl8bd,kbLDWb,MdUzUe,I6YDgd,N5Lqpc,fgj8Rb,xQtZb,lPKSwe,y4Nztd,gJzDyc,JNoxi,MI6k7c,kjKdXe,texUgd,xGC4Gb,llTWPd,yDVVkb,E7GzYd,QIhFr,FYCkde,hKSk3e,FSOnAf,wfcdnd,cilABe,qexExd,DNsE7e,jdrlZe,sIckOb,swpmp,gtEOic,sszRX,wiZ2v,QQnX0,oUdseb,WWLNXd,sPwFo,CJeEuc,tZtmyd,Tnlgmf,dWHZee,DPQwOe,DDvSYd,NNJERe,KG2eXe,hc6Ubd,CvtcN,IVuTze,Lamzc,SpsfSb,Z7OaKe,cWjcJb,VwDzFe,NHietc,LgZW9b,Y87did,zbML3c,zbU9W,alwr6,Ebsiqd,ixOrqc,dlck6b,kmkrAf,A7fCU,Uas9Hd,BVgquf,a9EW5e,JGjVRe,hIO81e,pjICDe, line 8485: Error: DisconnectedError, EndCause = 72
JavaScript error: https://meet.google.com/_/scs/mss-static/_/js/k=boq-rtc.MeetingsUi.en_US.sPTJyrvW0vI.2020.O/ck=boq-rtc.MeetingsUi.VHxi_UrFNcY.L.F4.O/am=xgWAIQBAAwCqBLT-IABCAhAMAACAB3QgyN37AYAAABkYgOAMAPv_AlJEAAgAABkCIAAAAPokiMAgBgAI/d=1/exm=LEikZe,_b,_tp,byfTOb,lsjVmc/excm=_b,_tp,calldesktoppageview/ed=1/wt=2/rs=AL5CKSE7AoRmkeyvi5kFOU_DU97v1qw92g/m=n73qwf,ws9Tlc,IZT63,e5qFLc,GkRiKb,UUJqVe,O1Gjze,xUdipf,blwjVc,fKUV3e,aurFic,COQbmf,U0aPgd,ZwDk9d,V3dDOb,mI3LFb,XU5LFb,m9oV,hl,rrm,jKHFJb,WO9ee,T6U9J,lHoXXe,SFhYHb,qIJF2,rsr,sVRBvb,AePfdf,KiD3i,RqS4qe,t8N1l,k2r0oe,nUMwj,FMq9Lb,O6y8ed,PrPYRd,MpJwZc,NwH0H,OmgaI,lazG7b,g9HNd,MsyKad,ma,tQz2Ve,Yvr34d,XVMNvd,L1AAkb,KUM7Z,lfpdyf,Fl2dbf,fFdwef,Mh3sMc,GcAaod,rn9YO,Y0bgVb,s39S4,lwddkf,gychg,w9hDv,RMhBfe,tgTcU,lAg79c,TH1Apc,FJm4Gb,SdcwHb,aW3pY,PQaYAf,P1S3zf,DM8swd,pw70Gc,EFQ78c,Ulmmrd,ZfAoz,mdR7q,Ivl8bd,kbLDWb,MdUzUe,I6YDgd,N5Lqpc,fgj8Rb,xQtZb,lPKSwe,y4Nztd,gJzDyc,JNoxi,MI6k7c,kjKdXe,texUgd,xGC4Gb,llTWPd,yDVVkb,E7GzYd,QIhFr,FYCkde,hKSk3e,FSOnAf,wfcdnd,cilABe,qexExd,DNsE7e,jdrlZe,sIckOb,swpmp,gtEOic,sszRX,wiZ2v,QQnX0,oUdseb,WWLNXd,sPwFo,CJeEuc,tZtmyd,Tnlgmf,dWHZee,DPQwOe,DDvSYd,NNJERe,KG2eXe,hc6Ubd,CvtcN,IVuTze,Lamzc,SpsfSb,Z7OaKe,cWjcJb,VwDzFe,NHietc,LgZW9b,Y87did,zbML3c,zbU9W,alwr6,Ebsiqd,ixOrqc,dlck6b,kmkrAf,A7fCU,Uas9Hd,BVgquf,a9EW5e,JGjVRe,hIO81e,pjICDe, line 8485: Error: DisconnectedError, EndCause = 72
JavaScript error: , line 0: uncaught exception: Object
JavaScript error: , line 0: uncaught exception: Object
JavaScript error: , line 0: uncaught exception: Object
JavaScript error: , line 0: uncaught exception: Object
JavaScript error: , line 0: uncaught exception: Object
JavaScript error: https://meet.google.com/_/scs/mss-static/_/js/k=boq-rtc.MeetingsUi.en_US.sPTJyrvW0vI.2020.O/am=xgWAIQBAAwCqBLT-IABCAhAMAACAB3QgyN37AYAAABkYgOAMAPv_AlJEAAgAABkCIAAAAPokiMAgBgAI/d=1/excm=_b,_tp,calldesktoppageview/ed=1/dg=0/wt=2/rs=AL5CKSF46EtvVqI13BgIKfE4JuvQ6tgXKA/m=_b,_tp, line 273: TypeError: a is null
JavaScript error: https://meet.google.com/_/scs/mss-static/_/js/k=boq-rtc.MeetingsUi.en_US.sPTJyrvW0vI.2020.O/am=xgWAIQBAAwCqBLT-IABCAhAMAACAB3QgyN37AYAAABkYgOAMAPv_AlJEAAgAABkCIAAAAPokiMAgBgAI/d=1/excm=_b,_tp,calldesktoppageview/ed=1/dg=0/wt=2/rs=AL5CKSF46EtvVqI13BgIKfE4JuvQ6tgXKA/m=_b,_tp, line 273: TypeError: a is null
JavaScript warning: https://www.googletagmanager.com/gtm.js?id=GTM-K69BWGN, line 64: Script terminated by timeout at:
te@https://www.googletagmanager.com/gtm.js?id=GTM-K69BWGN:64:160
Ok@https://www.googletagmanager.com/gtm.js?id=GTM-K69BWGN:156:74
pp@https://www.googletagmanager.com/gtm.js?id=GTM-K69BWGN:239:236
rp@https://www.googletagmanager.com/gtm.js?id=GTM-K69BWGN:241:474
sp@https://www.googletagmanager.com/gtm.js?id=GTM-K69BWGN:242:33

JavaScript warning: https://meet.google.com/_/scs/mss-static/_/js/k=boq-rtc.MeetingsUi.en_US.sPTJyrvW0vI.2020.O/ck=boq-rtc.MeetingsUi.VHxi_UrFNcY.L.F4.O/am=xgWAIQBAAwCqBLT-IABCAhAMAACAB3QgyN37AYAAABkYgOAMAPv_AlJEAAgAABkCIAAAAPokiMAgBgAI/d=1/exm=LEikZe,_b,_tp,byfTOb,lsjVmc/excm=_b,_tp,calldesktoppageview/ed=1/wt=2/rs=AL5CKSE7AoRmkeyvi5kFOU_DU97v1qw92g/m=n73qwf,ws9Tlc,IZT63,e5qFLc,GkRiKb,UUJqVe,O1Gjze,xUdipf,blwjVc,fKUV3e,aurFic,COQbmf,U0aPgd,ZwDk9d,V3dDOb,mI3LFb,XU5LFb,m9oV,hl,rrm,jKHFJb,WO9ee,T6U9J,lHoXXe,SFhYHb,qIJF2,rsr,sVRBvb,AePfdf,KiD3i,RqS4qe,t8N1l,k2r0oe,nUMwj,FMq9Lb,O6y8ed,PrPYRd,MpJwZc,NwH0H,OmgaI,lazG7b,g9HNd,MsyKad,ma,tQz2Ve,Yvr34d,XVMNvd,L1AAkb,KUM7Z,lfpdyf,Fl2dbf,fFdwef,Mh3sMc,GcAaod,rn9YO,Y0bgVb,s39S4,lwddkf,gychg,w9hDv,RMhBfe,tgTcU,lAg79c,TH1Apc,FJm4Gb,SdcwHb,aW3pY,PQaYAf,P1S3zf,DM8swd,pw70Gc,EFQ78c,Ulmmrd,ZfAoz,mdR7q,Ivl8bd,kbLDWb,MdUzUe,I6YDgd,N5Lqpc,fgj8Rb,xQtZb,lPKSwe,y4Nztd,gJzDyc,JNoxi,MI6k7c,kjKdXe,texUgd,xGC4Gb,llTWPd,yDVVkb,E7GzYd,QIhFr,FYCkde,hKSk3e,FSOnAf,wfcdnd,cilABe,qexExd,DNsE7e,jdrlZe,sIckOb,swpmp,gtEOic,sszRX,wiZ2v,QQnX0,oUdseb,WWLNXd,sPwFo,CJeEuc,tZtmyd,Tnlgmf,dWHZee,DPQwOe,DDvSYd,NNJERe,KG2eXe,hc6Ubd,CvtcN,IVuTze,Lamzc,SpsfSb,Z7OaKe,cWjcJb,VwDzFe,NHietc,LgZW9b,Y87did,zbML3c,zbU9W,alwr6,Ebsiqd,ixOrqc,dlck6b,kmkrAf,A7fCU,Uas9Hd,BVgquf,a9EW5e,JGjVRe,hIO81e,pjICDe, line 3268: WEBGL_debug_renderer_info is deprecated in Firefox and will be removed. Please use RENDERER.
JavaScript error: https://meet.google.com/_/scs/mss-static/_/js/k=boq-rtc.MeetingsUi.en_US.sPTJyrvW0vI.2020.O/ck=boq-rtc.MeetingsUi.VHxi_UrFNcY.L.F4.O/am=xgWAIQBAAwCqBLT-IABCAhAMAACAB3QgyN37AYAAABkYgOAMAPv_AlJEAAgAABkCIAAAAPokiMAgBgAI/d=1/exm=LEikZe,_b,_tp,byfTOb,lsjVmc/excm=_b,_tp,calldesktoppageview/ed=1/wt=2/rs=AL5CKSE7AoRmkeyvi5kFOU_DU97v1qw92g/m=n73qwf,ws9Tlc,IZT63,e5qFLc,GkRiKb,UUJqVe,O1Gjze,xUdipf,blwjVc,fKUV3e,aurFic,COQbmf,U0aPgd,ZwDk9d,V3dDOb,mI3LFb,XU5LFb,m9oV,hl,rrm,jKHFJb,WO9ee,T6U9J,lHoXXe,SFhYHb,qIJF2,rsr,sVRBvb,AePfdf,KiD3i,RqS4qe,t8N1l,k2r0oe,nUMwj,FMq9Lb,O6y8ed,PrPYRd,MpJwZc,NwH0H,OmgaI,lazG7b,g9HNd,MsyKad,ma,tQz2Ve,Yvr34d,XVMNvd,L1AAkb,KUM7Z,lfpdyf,Fl2dbf,fFdwef,Mh3sMc,GcAaod,rn9YO,Y0bgVb,s39S4,lwddkf,gychg,w9hDv,RMhBfe,tgTcU,lAg79c,TH1Apc,FJm4Gb,SdcwHb,aW3pY,PQaYAf,P1S3zf,DM8swd,pw70Gc,EFQ78c,Ulmmrd,ZfAoz,mdR7q,Ivl8bd,kbLDWb,MdUzUe,I6YDgd,N5Lqpc,fgj8Rb,xQtZb,lPKSwe,y4Nztd,gJzDyc,JNoxi,MI6k7c,kjKdXe,texUgd,xGC4Gb,llTWPd,yDVVkb,E7GzYd,QIhFr,FYCkde,hKSk3e,FSOnAf,wfcdnd,cilABe,qexExd,DNsE7e,jdrlZe,sIckOb,swpmp,gtEOic,sszRX,wiZ2v,QQnX0,oUdseb,WWLNXd,sPwFo,CJeEuc,tZtmyd,Tnlgmf,dWHZee,DPQwOe,DDvSYd,NNJERe,KG2eXe,hc6Ubd,CvtcN,IVuTze,Lamzc,SpsfSb,Z7OaKe,cWjcJb,VwDzFe,NHietc,LgZW9b,Y87did,zbML3c,zbU9W,alwr6,Ebsiqd,ixOrqc,dlck6b,kmkrAf,A7fCU,Uas9Hd,BVgquf,a9EW5e,JGjVRe,hIO81e,pjICDe, line 8485: Error: startupCode: 200, error = {
  Ia = 403
  Ba = {
    alt-svc = "h3=":443"; ma=2592000,h3-29=":443"; ma=2592000,h3-Q050=":443"; ma=2592000,h3-Q046=":443"; ma=2592000,h3-Q043=":443"; ma=2592000,quic=":443"; ma=2592000; v="46,43""
    cache-control = "private"
    content-encoding = "gzip"
    content-length = "59"
    content-type = "application/x-protobuf"
    date = "Sun, 21 Nov 2021 08:29:34 GMT"
    server = "ESF"
    vary = "Origin, X-Origin, Referer"
    x-content-type-options = "nosniff"
    x-firefox-http3 = "h3"
    x-frame-options = "SAMEORIGIN"
    x-xss-protection = "0"
    closure_uid_229651659 = 66
  }
  Ha = NULL
  Ca = {
    tba = 39
    m$ = undefined
    closure_uid_229651659 = 67
  }
  Aa = {
    wb = -1
    Ba = {
      3 = {
        closure_uid_229651659 = 70
      }
      closure_uid_229651659 = 69
    }
    di = NULL
    ox = {
      0 = 7
      1 = "The caller does not have permission"
      2 = {
        closure_uid_229651659 = 72
      }
      closure_uid_229651659 = 71
    }
    ub = 1.7976931348623157e+308
    closure_uid_229651659 = 68
    Oc = "v3Bbmc"
  }
  cause = NULL
  stack = "@https://meet.google.com/_/scs/mss-static/_/js/k=boq-rtc.MeetingsUi.en_US.sPTJyrvW0vI.2020.O/ck=boq-rtc.MeetingsUi.VHxi_UrFNcY.L.F4.O/am=xgWAIQBAAwCqBLT-IABCAhAMAACAB3QgyN37AYAAABkYgOAMAPv_AlJEAAgAABkCIAAAAPokiMAgBgAI/d=1/exm=LEikZe,_b,_tp,byfTOb,lsjVmc/excm=_b,_tp,calldesktoppageview/ed=1/wt=2/rs=AL5CKSE7AoRmkeyvi5kFOU_DU97v1qw92g/m=n73qwf,ws9Tlc,IZT63,e5qFLc,GkRiKb,UUJqVe,O1Gjze,xUdipf,blwjVc,fKUV3e,aurFic,COQbmf,U0aPgd,ZwDk9d,V3dDOb,mI3LFb,XU5LFb,m9oV,hl,rrm,jKHFJb,WO9ee,T6U9J,lHoXXe,SFhYHb,qIJF2,rsr,sVRBvb,AePfdf,KiD3i,RqS4qe,t8N1l,k2r0oe,nUMwj,FMq9Lb,O6y8ed,PrPYRd,MpJwZc,NwH0H,OmgaI,lazG7b,g9HNd,MsyKad,ma,tQz2Ve,Yvr34d,XVMNvd,L1AAkb,KUM7Z,lfpdyf,Fl2dbf,fFdwef,Mh3sMc,GcAaod,rn9YO,Y0bgVb,s39S4,lwddkf,gychg,w9hDv,RMhBfe,tgTcU,lAg79c,TH1Apc,FJm4Gb,SdcwHb,aW3pY,PQaYAf,P1S3zf,DM8swd,pw70Gc,EFQ78c,Ulmmrd,ZfAoz,mdR7q,Ivl8bd,kbLDWb,MdUzUe,I6YDgd,N5Lqpc,fgj8Rb,xQtZb,lPKSwe,y4Nztd,gJzDyc,JNoxi,MI6k7c,kjKdXe,texUgd,xGC4Gb,llTWPd,yDVVkb,E7GzYd,QIhFr,FYCkde,hKSk3e,FSOnAf,wfcdnd,cilABe,qexExd,DNsE7e,jdrlZe,sIckOb,swpmp,gtEOic,sszRX,wiZ2v,QQnX0,oUdseb,WWLNXd,sPwFo,CJeEuc,tZtmyd,Tnlgmf,dWHZee,DPQwOe,DDvSYd,NNJERe,KG2eXe,hc6Ubd,CvtcN,IVuTze,Lamzc,SpsfSb,Z7OaKe,cWjcJb,VwDzFe,NHietc,LgZW9b,Y87did,zbML3c,zbU9W,alwr6,Ebsiqd,ixOrqc,dlck6b,kmkrAf,A7fCU,Uas9Hd,BVgquf,a9EW5e,JGjVRe,hIO81e,pjICDe:4470:171
  Hjd/<@https://meet.google.com/_/scs/mss-static/_/js/k=boq-rtc.MeetingsUi.en_US.sPTJyrvW0vI.2020.O/ck=boq-rtc.MeetingsUi.VHxi_UrFNcY.L.F4.O/am=xgWAIQBAAwCqBLT-IABCAhAMAACAB3QgyN37AYAAABkYgOAMAPv_AlJEAAgAABkCIAAAAPokiMAgBgAI/d=1/exm=LEikZe,_b,_tp,byfTOb,lsjVmc/excm=_b,_tp,calldesktoppageview/ed=1/wt=2/rs=AL5CKSE7AoRmkeyvi5kFOU_DU97v1qw92g/m=n73qwf,ws9Tlc,IZT63,e5qFLc,GkRiKb,UUJqVe,O1Gjze,xUdipf,blwjVc,fKUV3e,aurFic,COQbmf,U0aPgd,ZwDk9d,V3dDOb,mI3LFb,XU5LFb,m9oV,hl,rrm,jKHFJb,WO9ee,T6U9J,lHoXXe,SFhYHb,qIJF2,rsr,sVRBvb,AePfdf,KiD3i,RqS4qe,t8N1l,k2r0oe,nUMwj,FMq9Lb,O6y8ed,PrPYRd,MpJwZc,NwH0H,OmgaI,lazG7b,g9HNd,MsyKad,ma,tQz2Ve,Yvr34d,XVMNvd,L1AAkb,KUM7Z,lfpdyf,Fl2dbf,fFdwef,Mh3sMc,GcAaod,rn9YO,Y0bgVb,s39S4,lwddkf,gychg,w9hDv,RMhBfe,tgTcU,lAg79c,TH1Apc,FJm4Gb,SdcwHb,aW3pY,PQaYAf,P1S3zf,DM8swd,pw70Gc,EFQ78c,Ulmmrd,ZfAoz,mdR7q,Ivl8bd,kbLDWb,MdUzUe,I6YDgd,N5Lqpc,fgj8Rb,xQtZb,lPKSwe,y4Nztd,gJzDyc,JNoxi,MI6k7c,kjKdXe,texUgd,xGC4Gb,llTWPd,yDVVkb,E7GzYd,QIhFr,FYCkde,hKSk3e,FSOnAf,wfcdnd,cilABe,qexExd,DNsE7e,jdrlZe,sIckOb,swpmp,gtEOic,sszRX,wiZ2v,QQnX0,oUdseb,WWLNXd,sPwFo,CJeEuc,tZtmyd,Tnlgmf,dWHZee,DPQwOe,DDvSYd,NNJERe,KG2eXe,hc6Ubd,CvtcN,IVuTze,Lamzc,SpsfSb,Z7OaKe,cWjcJb,VwDzFe,NHietc,LgZW9b,Y87did,zbML3c,zbU9W,alwr6,Ebsiqd,ixOrqc,dlck6b,kmkrAf,A7fCU,Uas9Hd,BVgquf,a9EW5e,JGjVRe,hIO81e,pjICDe:4484:370
  
  makeRequest@https://meet.google.com/_/scs/mss-static/_/js/k=boq-rtc.MeetingsUi.en_US.sPTJyrvW0vI.2020.O/ck=boq-rtc.MeetingsUi.VHxi_UrFNcY.L.F4.O/am=xgWAIQBAAwCqBLT-IABCAhAMAACAB3QgyN37AYAAABkYgOAMAPv_AlJEAAgAABkCIAAAAPokiMAgBgAI/d=1/exm=LEikZe,_b,_tp,byfTOb,lsjVmc/excm=_b,_tp,calldesktoppageview/ed=1/wt=2/rs=AL5CKSE7AoRmkeyvi5kFOU_DU97v1qw92g/m=n73qwf,ws9Tlc,IZT63,e5qFLc,GkRiKb,UUJqVe,O1Gjze,xUdipf,blwjVc,fKUV3e,aurFic,COQbmf,U0aPgd,ZwDk9d,V3dDOb,mI3LFb,XU5LFb,m9oV,hl,rrm,jKHFJb,WO9ee,T6U9J,lHoXXe,SFhYHb,qIJF2,rsr,sVRBvb,AePfdf,KiD3i,RqS4qe,t8N1l,k2r0oe,nUMwj,FMq9Lb,O6y8ed,PrPYRd,MpJwZc,NwH0H,OmgaI,lazG7b,g9HNd,MsyKad,ma,tQz2Ve,Yvr34d,XVMNvd,L1AAkb,KUM7Z,lfpdyf,Fl2dbf,fFdwef,Mh3sMc,GcAaod,rn9YO,Y0bgVb,s39S4,lwddkf,gychg,w9hDv,RMhBfe,tgTcU,lAg79c,TH1Apc,FJm4Gb,SdcwHb,aW3pY,PQaYAf,P1S3zf,DM8swd,pw70Gc,EFQ78c,Ulmmrd,ZfAoz,mdR7q,Ivl8bd,kbLDWb,MdUzUe,I6YDgd,N5Lqpc,fgj8Rb,xQtZb,lPKSwe,y4Nztd,gJzDyc,JNoxi,MI6k7c,kjKdXe,texUgd,xGC4Gb,llTWPd,yDVVkb,E7GzYd,QIhFr,FYCkde,hKSk3e,FSOnAf,wfcdnd,cilABe,qexExd,DNsE7e,jdrlZe,sIckOb,swpmp,gtEOic,sszRX,wiZ2v,QQnX0,oUdseb,WWLNXd,sPwFo,CJeEuc,tZtmyd,Tnlgmf,dWHZee,DPQwOe,DDvSYd,NNJERe,KG2eXe,hc6Ubd,CvtcN,IVuTze,Lamzc,SpsfSb,Z7OaKe,cWjcJb,VwDzFe,NHietc,LgZW9b,Y87did,zbML3c,zbU9W,alwr6,Ebsiqd,ixOrqc,dlck6b,kmkrAf,A7fCU,Uas9Hd,BVgquf,a9EW5e,JGjVRe,hIO81e,pjICDe:4526:140
  _.Nod@https://meet.google.com/_/scs/mss-static/_/js/k=boq-rtc.MeetingsUi.en_US.sPTJyrvW0vI.2020.O/ck=boq-rtc.MeetingsUi.VHxi_UrFNcY.L.F4.O/am=xgWAIQBAAwCqBLT-IABCAhAMAACAB3QgyN37AYAAABkYgOAMAPv_AlJEAAgAABkCIAAAAPokiMAgBgAI/d=1/exm=LEikZe,_b,_tp,byfTOb,lsjVmc/excm=_b,_tp,calldesktoppageview/ed=1/wt=2/rs=AL5CKSE7AoRmkeyvi5kFOU_DU97v1qw92g/m=n73qwf,ws9Tlc,IZT63,e5qFLc,GkRiKb,UUJqVe,O1Gjze,xUdipf,blwjVc,fKUV3e,aurFic,COQbmf,U0aPgd,ZwDk9d,V3dDOb,mI3LFb,XU5LFb,m9oV,hl,rrm,jKHFJb,WO9ee,T6U9J,lHoXXe,SFhYHb,qIJF2,rsr,sVRBvb,AePfdf,KiD3i,RqS4qe,t8N1l,k2r0oe,nUMwj,FMq9Lb,O6y8ed,PrPYRd,MpJwZc,NwH0H,OmgaI,lazG7b,g9HNd,MsyKad,ma,tQz2Ve,Yvr34d,XVMNvd,L1AAkb,KUM7Z,lfpdyf,Fl2dbf,fFdwef,Mh3sMc,GcAaod,rn9YO,Y0bgVb,s39S4,lwddkf,gychg,w9hDv,RMhBfe,tgTcU,lAg79c,TH1Apc,FJm4Gb,SdcwHb,aW3pY,PQaYAf,P1S3zf,DM8swd,pw70Gc,EFQ78c,Ulmmrd,ZfAoz,mdR7q,Ivl8bd,kbLDWb,MdUzUe,I6YDgd,N5Lqpc,fgj8Rb,xQtZb,lPKSwe,y4Nztd,gJzDyc,JNoxi,MI6k7c,kjKdXe,texUgd,xGC4Gb,llTWPd,yDVVkb,E7GzYd,QIhFr,FYCkde,hKSk3e,FSOnAf,wfcdnd,cilABe,qexExd,DNsE7e,jdrlZe,sIckOb,swpmp,gtEOic,sszRX,wiZ2v,QQnX0,oUdseb,WWLNXd,sPwFo,CJeEuc,tZtmyd,Tnlgmf,dWHZee,DPQwOe,DDvSYd,NNJERe,KG2eXe,hc6Ubd,CvtcN,IVuTze,Lamzc,SpsfSb,Z7OaKe,cWjcJb,VwDzFe,NHietc,LgZW9b,Y87did,zbML3c,zbU9W,alwr6,Ebsiqd,ixOrqc,dlck6b,kmkrAf,A7fCU,Uas9Hd,BVgquf,a9EW5e,JGjVRe,hIO81e,pjICDe:5283:337
  _.Xod@https://meet.google.com/_/scs/mss-static/_/js/k=boq-rtc.MeetingsUi.en_US.sPTJyrvW0vI.2020.O/ck=boq-rtc.MeetingsUi.VHxi_UrFNcY.L.F4.O/am=xgWAIQBAAwCqBLT-IABCAhAMAACAB3QgyN37AYAAABkYgOAMAPv_AlJEAAgAABkCIAAAAPokiMAgBgAI/d=1/exm=LEikZe,_b,_tp,byfTOb,lsjVmc/excm=_b,_tp,calldesktoppageview/ed=1/wt=2/rs=AL5CKSE7AoRmkeyvi5kFOU_DU97v1qw92g/m=n73qwf,ws9Tlc,IZT63,e5qFLc,GkRiKb,UUJqVe,O1Gjze,xUdipf,blwjVc,fKUV3e,aurFic,COQbmf,U0aPgd,ZwDk9d,V3dDOb,mI3LFb,XU5LFb,m9oV,hl,rrm,jKHFJb,WO9ee,T6U9J,lHoXXe,SFhYHb,qIJF2,rsr,sVRBvb,AePfdf,KiD3i,RqS4qe,t8N1l,k2r0oe,nUMwj,FMq9Lb,O6y8ed,PrPYRd,MpJwZc,NwH0H,OmgaI,lazG7b,g9HNd,MsyKad,ma,tQz2Ve,Yvr34d,XVMNvd,L1AAkb,KUM7Z,lfpdyf,Fl2dbf,fFdwef,Mh3sMc,GcAaod,rn9YO,Y0bgVb,s39S4,lwddkf,gychg,w9hDv,RMhBfe,tgTcU,lAg79c,TH1Apc,FJm4Gb,SdcwHb,aW3pY,PQaYAf,P1S3zf,DM8swd,pw70Gc,EFQ78c,Ulmmrd,ZfAoz,mdR7q,Ivl8bd,kbLDWb,MdUzUe,I6YDgd,N5Lqpc,fgj8Rb,xQtZb,lPKSwe,y4Nztd,gJzDyc,JNoxi,MI6k7c,kjKdXe,texUgd,xGC4Gb,llTWPd,yDVVkb,E7GzYd,QIhFr,FYCkde,hKSk3e,FSOnAf,wfcdnd,cilABe,qexExd,DNsE7e,jdrlZe,sIckOb,swpmp,gtEOic,sszRX,wiZ2v,QQnX0,oUdseb,WWLNXd,sPwFo,CJeEuc,tZtmyd,Tnlgmf,dWHZee,DPQwOe,DDvSYd,NNJERe,KG2eXe,hc6Ubd,CvtcN,IVuTze,Lamzc,SpsfSb,Z7OaKe,cWjcJb,VwDzFe,NHietc,LgZW9b,Y87did,zbML3c,zbU9W,alwr6,Ebsiqd,ixOrqc,dlck6b,kmkrAf,A7fCU,Uas9Hd,BVgquf,a9EW5e,JGjVRe,hIO81e,pjICDe:5291:392
  Tba@https://meet.google.com/_/scs/mss-static/_/js/k=boq-rtc.MeetingsUi.en_US.sPTJyrvW0vI.2020.O/ck=boq-rtc.MeetingsUi.VHxi_UrFNcY.L.F4.O/am=xgWAIQBAAwCqBLT-IABCAhAMAACAB3QgyN37AYAAABkYgOAMAPv_AlJEAAgAABkCIAAAAPokiMAgBgAI/d=1/exm=LEikZe,_b,_tp,byfTOb,lsjVmc/excm=_b,_tp,calldesktoppageview/ed=1/wt=2/rs=AL5CKSE7AoRmkeyvi5kFOU_DU97v1qw92g/m=n73qwf,ws9Tlc,IZT63,e5qFLc,GkRiKb,UUJqVe,O1Gjze,xUdipf,blwjVc,fKUV3e,aurFic,COQbmf,U0aPgd,ZwDk9d,V3dDOb,mI3LFb,XU5LFb,m9oV,hl,rrm,jKHFJb,WO9ee,T6U9J,lHoXXe,SFhYHb,qIJF2,rsr,sVRBvb,AePfdf,KiD3i,RqS4qe,t8N1l,k2r0oe,nUMwj,FMq9Lb,O6y8ed,PrPYRd,MpJwZc,NwH0H,OmgaI,lazG7b,g9HNd,MsyKad,ma,tQz2Ve,Yvr34d,XVMNvd,L1AAkb,KUM7Z,lfpdyf,Fl2dbf,fFdwef,Mh3sMc,GcAaod,rn9YO,Y0bgVb,s39S4,lwddkf,gychg,w9hDv,RMhBfe,tgTcU,lAg79c,TH1Apc,FJm4Gb,SdcwHb,aW3pY,PQaYAf,P1S3zf,DM8swd,pw70Gc,EFQ78c,Ulmmrd,ZfAoz,mdR7q,Ivl8bd,kbLDWb,MdUzUe,I6YDgd,N5Lqpc,fgj8Rb,xQtZb,lPKSwe,y4Nztd,gJzDyc,JNoxi,MI6k7c,kjKdXe,texUgd,xGC4Gb,llTWPd,yDVVkb,E7GzYd,QIhFr,FYCkde,hKSk3e,FSOnAf,wfcdnd,cilABe,qexExd,DNsE7e,jdrlZe,sIckOb,swpmp,gtEOic,sszRX,wiZ2v,QQnX0,oUdseb,WWLNXd,sPwFo,CJeEuc,tZtmyd,Tnlgmf,dWHZee,DPQwOe,DDvSYd,NNJERe,KG2eXe,hc6Ubd,CvtcN,IVuTze,Lamzc,SpsfSb,Z7OaKe,cWjcJb,VwDzFe,NHietc,LgZW9b,Y87did,zbML3c,zbU9W,alwr6,Ebsiqd,ixOrqc,dlck6b,kmkrAf,A7fCU,Uas9Hd,BVgquf,a9EW5e,JGjVRe,hIO81e,pjICDe:5292:184
  Tba@https://meet.google.com/_/scs/mss-static/_/js/k=boq-rtc.MeetingsUi.en_US.sPTJyrvW0vI.2020.O/ck=boq-rtc.MeetingsUi.VHxi_UrFNcY.L.F4.O/am=xgWAIQBAAwCqBLT-IABCAhAMAACAB3QgyN37AYAAABkYgOAMAPv_AlJEAAgAABkCIAAAAPokiMAgBgAI/d=1/exm=LEikZe,_b,_tp,byfTOb,lsjVmc/excm=_b,_tp,calldesktoppageview/ed=1/wt=2/rs=AL5CKSE7AoRmkeyvi5kFOU_DU97v1qw92g/m=n73qwf,ws9Tlc,IZT63,e5qFLc,GkRiKb,UUJqVe,O1Gjze,xUdipf,blwjVc,fKUV3e,aurFic,COQbmf,U0aPgd,ZwDk9d,V3dDOb,mI3LFb,XU5LFb,m9oV,hl,rrm,jKHFJb,WO9ee,T6U9J,lHoXXe,SFhYHb,qIJF2,rsr,sVRBvb,AePfdf,KiD3i,RqS4qe,t8N1l,k2r0oe,nUMwj,FMq9Lb,O6y8ed,PrPYRd,MpJwZc,NwH0H,OmgaI,lazG7b,g9HNd,MsyKad,ma,tQz2Ve,Yvr34d,XVMNvd,L1AAkb,KUM7Z,lfpdyf,Fl2dbf,fFdwef,Mh3sMc,GcAaod,rn9YO,Y0bgVb,s39S4,lwddkf,gychg,w9hDv,RMhBfe,tgTcU,lAg79c,TH1Apc,FJm4Gb,SdcwHb,aW3pY,PQaYAf,P1S3zf,DM8swd,pw70Gc,EFQ78c,Ulmmrd,ZfAoz,mdR7q,Ivl8bd,kbLDWb,MdUzUe,I6YDgd,N5Lqpc,fgj8Rb,xQtZb,lPKSwe,y4Nztd,gJzDyc,JNoxi,MI6k7c,kjKdXe,texUgd,xGC4Gb,llTWPd,yDVVkb,E7GzYd,QIhFr,FYCkde,hKSk3e,FSOnAf,wfcdnd,cilABe,qexExd,DNsE7e,jdrlZe,sIckOb,swpmp,gtEOic,sszRX,wiZ2v,QQnX0,oUdseb,WWLNXd,sPwFo,CJeEuc,tZtmyd,Tnlgmf,dWHZee,DPQwOe,DDvSYd,NNJERe,KG2eXe,hc6Ubd,CvtcN,IVuTze,Lamzc,SpsfSb,Z7OaKe,cWjcJb,VwDzFe,NHietc,LgZW9b,Y87did,zbML3c,zbU9W,alwr6,Ebsiqd,ixOrqc,dlck6b,kmkrAf,A7fCU,Uas9Hd,BVgquf,a9EW5e,JGjVRe,hIO81e,pjICDe:5665:264
  KMe@https://meet.google.com/_/scs/mss-static/_/js/k=boq-rtc.MeetingsUi.en_US.sPTJyrvW0vI.2020.O/ck=boq-rtc.MeetingsUi.VHxi_UrFNcY.L.F4.O/am=xgWAIQBAAwCqBLT-IABCAhAMAACAB3QgyN37AYAAABkYgOAMAPv_AlJEAAgAABkCIAAAAPokiMAgBgAI/d=1/exm=LEikZe,_b,_tp,byfTOb,lsjVmc/excm=_b,_tp,calldesktoppageview/ed=1/wt=2/rs=AL5CKSE7AoRmkeyvi5kFOU_DU97v1qw92g/m=n73qwf,ws9Tlc,IZT63,e5qFLc,GkRiKb,UUJqVe,O1Gjze,xUdipf,blwjVc,fKUV3e,aurFic,COQbmf,U0aPgd,ZwDk9d,V3dDOb,mI3LFb,XU5LFb,m9oV,hl,rrm,jKHFJb,WO9ee,T6U9J,lHoXXe,SFhYHb,qIJF2,rsr,sVRBvb,AePfdf,KiD3i,RqS4qe,t8N1l,k2r0oe,nUMwj,FMq9Lb,O6y8ed,PrPYRd,MpJwZc,NwH0H,OmgaI,lazG7b,g9HNd,MsyKad,ma,tQz2Ve,Yvr34d,XVMNvd,L1AAkb,KUM7Z,lfpdyf,Fl2dbf,fFdwef,Mh3sMc,GcAaod,rn9YO,Y0bgVb,s39S4,lwddkf,gychg,w9hDv,RMhBfe,tgTcU,lAg79c,TH1Apc,FJm4Gb,SdcwHb,aW3pY,PQaYAf,P1S3zf,DM8swd,pw70Gc,EFQ78c,Ulmmrd,ZfAoz,mdR7q,Ivl8bd,kbLDWb,MdUzUe,I6YDgd,N5Lqpc,fgj8Rb,xQtZb,lPKSwe,y4Nztd,gJzDyc,JNoxi,MI6k7c,kjKdXe,texUgd,xGC4Gb,llTWPd,yDVVkb,E7GzYd,QIhFr,FYCkde,hKSk3e,FSOnAf,wfcdnd,cilABe,qexExd,DNsE7e,jdrlZe,sIckOb,swpmp,gtEOic,sszRX,wiZ2v,QQnX0,oUdseb,WWLNXd,sPwFo,CJeEuc,tZtmyd,Tnlgmf,dWHZee,DPQwOe,DDvSYd,NNJERe,KG2eXe,hc6Ubd,CvtcN,IVuTze,Lamzc,SpsfSb,Z7OaKe,cWjcJb,VwDzFe,NHietc,LgZW9b,Y87did,zbML3c,zbU9W,alwr6,Ebsiqd,ixOrqc,dlck6b,kmkrAf,A7fCU,Uas9Hd,BVgquf,a9EW5e,JGjVRe,hIO81e,pjICDe:8843:345
  MMe@https://meet.google.com/_/scs/mss-static/_/js/k=boq-rtc.MeetingsUi.en_US.sPTJyrvW0vI.2020.O/ck=boq-rtc.MeetingsUi.VHxi_UrFNcY.L.F4.O/am=xgWAIQBAAwCqBLT-IABCAhAMAACAB3QgyN37AYAAABkYgOAMAPv_AlJEAAgAABkCIAAAAPokiMAgBgAI/d=1/exm=LEikZe,_b,_tp,byfTOb,lsjVmc/excm=_b,_tp,calldesktoppageview/ed=1/wt=2/rs=AL5CKSE7AoRmkeyvi5kFOU_DU97v1qw92g/m=n73qwf,ws9Tlc,IZT63,e5qFLc,GkRiKb,UUJqVe,O1Gjze,xUdipf,blwjVc,fKUV3e,aurFic,COQbmf,U0aPgd,ZwDk9d,V3dDOb,mI3LFb,XU5LFb,m9oV,hl,rrm,jKHFJb,WO9ee,T6U9J,lHoXXe,SFhYHb,qIJF2,rsr,sVRBvb,AePfdf,KiD3i,RqS4qe,t8N1l,k2r0oe,nUMwj,FMq9Lb,O6y8ed,PrPYRd,MpJwZc,NwH0H,OmgaI,lazG7b,g9HNd,MsyKad,ma,tQz2Ve,Yvr34d,XVMNvd,L1AAkb,KUM7Z,lfpdyf,Fl2dbf,fFdwef,Mh3sMc,GcAaod,rn9YO,Y0bgVb,s39S4,lwddkf,gychg,w9hDv,RMhBfe,tgTcU,lAg79c,TH1Apc,FJm4Gb,SdcwHb,aW3pY,PQaYAf,P1S3zf,DM8swd,pw70Gc,EFQ78c,Ulmmrd,ZfAoz,mdR7q,Ivl8bd,kbLDWb,MdUzUe,I6YDgd,N5Lqpc,fgj8Rb,xQtZb,lPKSwe,y4Nztd,gJzDyc,JNoxi,MI6k7c,kjKdXe,texUgd,xGC4Gb,llTWPd,yDVVkb,E7GzYd,QIhFr,FYCkde,hKSk3e,FSOnAf,wfcdnd,cilABe,qexExd,DNsE7e,jdrlZe,sIckOb,swpmp,gtEOic,sszRX,wiZ2v,QQnX0,oUdseb,WWLNXd,sPwFo,CJeEuc,tZtmyd,Tnlgmf,dWHZee,DPQwOe,DDvSYd,NNJERe,KG2eXe,hc6Ubd,CvtcN,IVuTze,Lamzc,SpsfSb,Z7OaKe,cWjcJb,VwDzFe,NHietc,LgZW9b,Y87did,zbML3c,zbU9W,alwr6,Ebsiqd,ixOrqc,dlck6b,kmkrAf,A7fCU,Uas9Hd,BVgquf,a9EW5e,JGjVRe,hIO81e,pjICDe:8839:63
  @https://meet.google.com/_/scs/mss-static/_/js/k=boq-rtc.MeetingsUi.en_US.sPTJyrvW0vI.2020.O/ck=boq-rtc.MeetingsUi.VHxi_UrFNcY.L.F4.O/am=xgWAIQBAAwCqBLT-IABCAhAMAACAB3QgyN37AYAAABkYgOAMAPv_AlJEAAgAABkCIAAAAPokiMAgBgAI/d=1/exm=LEikZe,_b,_tp,byfTOb,lsjVmc/excm=_b,_tp,calldesktoppageview/ed=1/wt=2/rs=AL5CKSE7AoRmkeyvi5kFOU_DU97v1qw92g/m=n73qwf,ws9Tlc,IZT63,e5qFLc,GkRiKb,UUJqVe,O1Gjze,xUdipf,blwjVc,fKUV3e,aurFic,COQbmf,U0aPgd,ZwDk9d,V3dDOb,mI3LFb,XU5LFb,m9oV,hl,rrm,jKHFJb,WO9ee,T6U9J,lHoXXe,SFhYHb,qIJF2,rsr,sVRBvb,AePfdf,KiD3i,RqS4qe,t8N1l,k2r0oe,nUMwj,FMq9Lb,O6y8ed,PrPYRd,MpJwZc,NwH0H,OmgaI,lazG7b,g9HNd,MsyKad,ma,tQz2Ve,Yvr34d,XVMNvd,L1AAkb,KUM7Z,lfpdyf,Fl2dbf,fFdwef,Mh3sMc,GcAaod,rn9YO,Y0bgVb,s39S4,lwddkf,gychg,w9hDv,RMhBfe,tgTcU,lAg79c,TH1Apc,FJm4Gb,SdcwHb,aW3pY,PQaYAf,P1S3zf,DM8swd,pw70Gc,EFQ78c,Ulmmrd,ZfAoz,mdR7q,Ivl8bd,kbLDWb,MdUzUe,I6YDgd,N5Lqpc,fgj8Rb,xQtZb,lPKSwe,y4Nztd,gJzDyc,JNoxi,MI6k7c,kjKdXe,texUgd,xGC4Gb,llTWPd,yDVVkb,E7GzYd,QIhFr,FYCkde,hKSk3e,FSOnAf,wfcdnd,cilABe,qexExd,DNsE7e,jdrlZe,sIckOb,swpmp,gtEOic,sszRX,wiZ2v,QQnX0,oUdseb,WWLNXd,sPwFo,CJeEuc,tZtmyd,Tnlgmf,dWHZee,DPQwOe,DDvSYd,NNJERe,KG2eXe,hc6Ubd,CvtcN,IVuTze,Lamzc,SpsfSb,Z7OaKe,cWjcJb,VwDzFe,NHietc,LgZW9b,Y87did,zbML3c,zbU9W,alwr6,Ebsiqd,ixOrqc,dlck6b,kmkrAf,A7fCU,Uas9Hd,BVgquf,a9EW5e,JGjVRe,hIO81e,pjICDe:8854:363
  jha/e.oa</e.Ba<@https://meet.google.com/_/scs/mss-static/_/js/k=boq-rtc.MeetingsUi.en_US.sPTJyrvW0vI.2020.O/am=xgWAIQBAAwCqBLT-IABCAhAMAACAB3QgyN37AYAAABkYgOAMAPv_AlJEAAgAABkCIAAAAPokiMAgBgAI/d=1/excm=_b,_tp,calldesktoppageview/ed=1/dg=0/wt=2/rs=AL5CKSF46EtvVqI13BgIKfE4JuvQ6tgXKA/m=_b,_tp:177:470
  rha@https://meet.google.com/_/scs/mss-static/_/js/k=boq-rtc.MeetingsUi.en_US.sPTJyrvW0vI.2020.O/am=xgWAIQBAAwCqBLT-IABCAhAMAACAB3QgyN37AYAAABkYgOAMAPv_AlJEAAgAABkCIAAAAPokiMAgBgAI/d=1/excm=_b,_tp,calldesktoppageview/ed=1/dg=0/wt=2/rs=AL5CKSF46EtvVqI13BgIKfE4JuvQ6tgXKA/m=_b,_tp:180:336
  nha@https://meet.google.com/_/scs/mss-static/_/js/k=boq-rtc.MeetingsUi.en_US.sPTJyrvW0vI.2020.O/am=xgWAIQBAAwCqBLT-IABCAhAMAACAB3QgyN37AYAAABkYgOAMAPv_AlJEAAgAABkCIAAAAPokiMAgBgAI/d=1/excm=_b,_tp,calldesktoppageview/ed=1/dg=0/wt=2/rs=AL5CKSF46EtvVqI13BgIKfE4JuvQ6tgXKA/m=_b,_tp:180:211
  _.Fg.prototype.isa@https://meet.google.com/_/scs/mss-static/_/js/k=boq-rtc.MeetingsUi.en_US.sPTJyrvW0vI.2020.O/am=xgWAIQBAAwCqBLT-IABCAhAMAACAB3QgyN37AYAAABkYgOAMAPv_AlJEAAgAABkCIAAAAPokiMAgBgAI/d=1/excm=_b,_tp,calldesktoppageview/ed=1/dg=0/wt=2/rs=AL5CKSF46EtvVqI13BgIKfE4JuvQ6tgXKA/m=_b,_tp:180:79
  aha@https://meet.google.com/_/scs/mss-static/_/js/k=boq-rtc.MeetingsUi.en_US.sPTJyrvW0vI.2020.O/am=xgWAIQBAAwCqBLT-IABCAhAMAACAB3QgyN37AYAAABkYgOAMAPv_AlJEAAgAABkCIAAAAPokiMAgBgAI/d=1/excm=_b,_tp,calldesktoppageview/ed=1/dg=0/wt=2/rs=AL5CKSF46EtvVqI13BgIKfE4JuvQ6tgXKA/m=_b,_tp:171:308
  "
  closure_uid_229651659 = 65
}
JavaScript error: https://meet.google.com/_/scs/mss-static/_/js/k=boq-rtc.MeetingsUi.en_US.sPTJyrvW0vI.2020.O/ck=boq-rtc.MeetingsUi.VHxi_UrFNcY.L.F4.O/am=xgWAIQBAAwCqBLT-IABCAhAMAACAB3QgyN37AYAAABkYgOAMAPv_AlJEAAgAABkCIAAAAPokiMAgBgAI/d=1/exm=LEikZe,_b,_tp,byfTOb,lsjVmc/excm=_b,_tp,calldesktoppageview/ed=1/wt=2/rs=AL5CKSE7AoRmkeyvi5kFOU_DU97v1qw92g/m=n73qwf,ws9Tlc,IZT63,e5qFLc,GkRiKb,UUJqVe,O1Gjze,xUdipf,blwjVc,fKUV3e,aurFic,COQbmf,U0aPgd,ZwDk9d,V3dDOb,mI3LFb,XU5LFb,m9oV,hl,rrm,jKHFJb,WO9ee,T6U9J,lHoXXe,SFhYHb,qIJF2,rsr,sVRBvb,AePfdf,KiD3i,RqS4qe,t8N1l,k2r0oe,nUMwj,FMq9Lb,O6y8ed,PrPYRd,MpJwZc,NwH0H,OmgaI,lazG7b,g9HNd,MsyKad,ma,tQz2Ve,Yvr34d,XVMNvd,L1AAkb,KUM7Z,lfpdyf,Fl2dbf,fFdwef,Mh3sMc,GcAaod,rn9YO,Y0bgVb,s39S4,lwddkf,gychg,w9hDv,RMhBfe,tgTcU,lAg79c,TH1Apc,FJm4Gb,SdcwHb,aW3pY,PQaYAf,P1S3zf,DM8swd,pw70Gc,EFQ78c,Ulmmrd,ZfAoz,mdR7q,Ivl8bd,kbLDWb,MdUzUe,I6YDgd,N5Lqpc,fgj8Rb,xQtZb,lPKSwe,y4Nztd,gJzDyc,JNoxi,MI6k7c,kjKdXe,texUgd,xGC4Gb,llTWPd,yDVVkb,E7GzYd,QIhFr,FYCkde,hKSk3e,FSOnAf,wfcdnd,cilABe,qexExd,DNsE7e,jdrlZe,sIckOb,swpmp,gtEOic,sszRX,wiZ2v,QQnX0,oUdseb,WWLNXd,sPwFo,CJeEuc,tZtmyd,Tnlgmf,dWHZee,DPQwOe,DDvSYd,NNJERe,KG2eXe,hc6Ubd,CvtcN,IVuTze,Lamzc,SpsfSb,Z7OaKe,cWjcJb,VwDzFe,NHietc,LgZW9b,Y87did,zbML3c,zbU9W,alwr6,Ebsiqd,ixOrqc,dlck6b,kmkrAf,A7fCU,Uas9Hd,BVgquf,a9EW5e,JGjVRe,hIO81e,pjICDe, line 8485: Error: DisconnectedError, EndCause = 72
JavaScript error: , line 0: uncaught exception: Object
JavaScript error: , line 0: uncaught exception: Object
JavaScript error: , line 0: uncaught exception: Object
JavaScript error: https://meet.google.com/_/scs/mss-static/_/js/k=boq-rtc.MeetingsUi.en_US.sPTJyrvW0vI.2020.O/ck=boq-rtc.MeetingsUi.VHxi_UrFNcY.L.F4.O/am=xgWAIQBAAwCqBLT-IABCAhAMAACAB3QgyN37AYAAABkYgOAMAPv_AlJEAAgAABkCIAAAAPokiMAgBgAI/d=1/exm=LEikZe,_b,_tp,byfTOb,lsjVmc/excm=_b,_tp,calldesktoppageview/ed=1/wt=2/rs=AL5CKSE7AoRmkeyvi5kFOU_DU97v1qw92g/m=n73qwf,ws9Tlc,IZT63,e5qFLc,GkRiKb,UUJqVe,O1Gjze,xUdipf,blwjVc,fKUV3e,aurFic,COQbmf,U0aPgd,ZwDk9d,V3dDOb,mI3LFb,XU5LFb,m9oV,hl,rrm,jKHFJb,WO9ee,T6U9J,lHoXXe,SFhYHb,qIJF2,rsr,sVRBvb,AePfdf,KiD3i,RqS4qe,t8N1l,k2r0oe,nUMwj,FMq9Lb,O6y8ed,PrPYRd,MpJwZc,NwH0H,OmgaI,lazG7b,g9HNd,MsyKad,ma,tQz2Ve,Yvr34d,XVMNvd,L1AAkb,KUM7Z,lfpdyf,Fl2dbf,fFdwef,Mh3sMc,GcAaod,rn9YO,Y0bgVb,s39S4,lwddkf,gychg,w9hDv,RMhBfe,tgTcU,lAg79c,TH1Apc,FJm4Gb,SdcwHb,aW3pY,PQaYAf,P1S3zf,DM8swd,pw70Gc,EFQ78c,Ulmmrd,ZfAoz,mdR7q,Ivl8bd,kbLDWb,MdUzUe,I6YDgd,N5Lqpc,fgj8Rb,xQtZb,lPKSwe,y4Nztd,gJzDyc,JNoxi,MI6k7c,kjKdXe,texUgd,xGC4Gb,llTWPd,yDVVkb,E7GzYd,QIhFr,FYCkde,hKSk3e,FSOnAf,wfcdnd,cilABe,qexExd,DNsE7e,jdrlZe,sIckOb,swpmp,gtEOic,sszRX,wiZ2v,QQnX0,oUdseb,WWLNXd,sPwFo,CJeEuc,tZtmyd,Tnlgmf,dWHZee,DPQwOe,DDvSYd,NNJERe,KG2eXe,hc6Ubd,CvtcN,IVuTze,Lamzc,SpsfSb,Z7OaKe,cWjcJb,VwDzFe,NHietc,LgZW9b,Y87did,zbML3c,zbU9W,alwr6,Ebsiqd,ixOrqc,dlck6b,kmkrAf,A7fCU,Uas9Hd,BVgquf,a9EW5e,JGjVRe,hIO81e,pjICDe, line 8485: Error: DisconnectedError, EndCause = 72
JavaScript error: https://meet.google.com/_/scs/mss-static/_/js/k=boq-rtc.MeetingsUi.en_US.sPTJyrvW0vI.2020.O/ck=boq-rtc.MeetingsUi.VHxi_UrFNcY.L.F4.O/am=xgWAIQBAAwCqBLT-IABCAhAMAACAB3QgyN37AYAAABkYgOAMAPv_AlJEAAgAABkCIAAAAPokiMAgBgAI/d=1/exm=LEikZe,_b,_tp,byfTOb,lsjVmc/excm=_b,_tp,calldesktoppageview/ed=1/wt=2/rs=AL5CKSE7AoRmkeyvi5kFOU_DU97v1qw92g/m=n73qwf,ws9Tlc,IZT63,e5qFLc,GkRiKb,UUJqVe,O1Gjze,xUdipf,blwjVc,fKUV3e,aurFic,COQbmf,U0aPgd,ZwDk9d,V3dDOb,mI3LFb,XU5LFb,m9oV,hl,rrm,jKHFJb,WO9ee,T6U9J,lHoXXe,SFhYHb,qIJF2,rsr,sVRBvb,AePfdf,KiD3i,RqS4qe,t8N1l,k2r0oe,nUMwj,FMq9Lb,O6y8ed,PrPYRd,MpJwZc,NwH0H,OmgaI,lazG7b,g9HNd,MsyKad,ma,tQz2Ve,Yvr34d,XVMNvd,L1AAkb,KUM7Z,lfpdyf,Fl2dbf,fFdwef,Mh3sMc,GcAaod,rn9YO,Y0bgVb,s39S4,lwddkf,gychg,w9hDv,RMhBfe,tgTcU,lAg79c,TH1Apc,FJm4Gb,SdcwHb,aW3pY,PQaYAf,P1S3zf,DM8swd,pw70Gc,EFQ78c,Ulmmrd,ZfAoz,mdR7q,Ivl8bd,kbLDWb,MdUzUe,I6YDgd,N5Lqpc,fgj8Rb,xQtZb,lPKSwe,y4Nztd,gJzDyc,JNoxi,MI6k7c,kjKdXe,texUgd,xGC4Gb,llTWPd,yDVVkb,E7GzYd,QIhFr,FYCkde,hKSk3e,FSOnAf,wfcdnd,cilABe,qexExd,DNsE7e,jdrlZe,sIckOb,swpmp,gtEOic,sszRX,wiZ2v,QQnX0,oUdseb,WWLNXd,sPwFo,CJeEuc,tZtmyd,Tnlgmf,dWHZee,DPQwOe,DDvSYd,NNJERe,KG2eXe,hc6Ubd,CvtcN,IVuTze,Lamzc,SpsfSb,Z7OaKe,cWjcJb,VwDzFe,NHietc,LgZW9b,Y87did,zbML3c,zbU9W,alwr6,Ebsiqd,ixOrqc,dlck6b,kmkrAf,A7fCU,Uas9Hd,BVgquf,a9EW5e,JGjVRe,hIO81e,pjICDe, line 8485: Error: DisconnectedError, EndCause = 72
JavaScript error: https://meet.google.com/_/scs/mss-static/_/js/k=boq-rtc.MeetingsUi.en_US.sPTJyrvW0vI.2020.O/ck=boq-rtc.MeetingsUi.VHxi_UrFNcY.L.F4.O/am=xgWAIQBAAwCqBLT-IABCAhAMAACAB3QgyN37AYAAABkYgOAMAPv_AlJEAAgAABkCIAAAAPokiMAgBgAI/d=1/exm=LEikZe,_b,_tp,byfTOb,lsjVmc/excm=_b,_tp,calldesktoppageview/ed=1/wt=2/rs=AL5CKSE7AoRmkeyvi5kFOU_DU97v1qw92g/m=n73qwf,ws9Tlc,IZT63,e5qFLc,GkRiKb,UUJqVe,O1Gjze,xUdipf,blwjVc,fKUV3e,aurFic,COQbmf,U0aPgd,ZwDk9d,V3dDOb,mI3LFb,XU5LFb,m9oV,hl,rrm,jKHFJb,WO9ee,T6U9J,lHoXXe,SFhYHb,qIJF2,rsr,sVRBvb,AePfdf,KiD3i,RqS4qe,t8N1l,k2r0oe,nUMwj,FMq9Lb,O6y8ed,PrPYRd,MpJwZc,NwH0H,OmgaI,lazG7b,g9HNd,MsyKad,ma,tQz2Ve,Yvr34d,XVMNvd,L1AAkb,KUM7Z,lfpdyf,Fl2dbf,fFdwef,Mh3sMc,GcAaod,rn9YO,Y0bgVb,s39S4,lwddkf,gychg,w9hDv,RMhBfe,tgTcU,lAg79c,TH1Apc,FJm4Gb,SdcwHb,aW3pY,PQaYAf,P1S3zf,DM8swd,pw70Gc,EFQ78c,Ulmmrd,ZfAoz,mdR7q,Ivl8bd,kbLDWb,MdUzUe,I6YDgd,N5Lqpc,fgj8Rb,xQtZb,lPKSwe,y4Nztd,gJzDyc,JNoxi,MI6k7c,kjKdXe,texUgd,xGC4Gb,llTWPd,yDVVkb,E7GzYd,QIhFr,FYCkde,hKSk3e,FSOnAf,wfcdnd,cilABe,qexExd,DNsE7e,jdrlZe,sIckOb,swpmp,gtEOic,sszRX,wiZ2v,QQnX0,oUdseb,WWLNXd,sPwFo,CJeEuc,tZtmyd,Tnlgmf,dWHZee,DPQwOe,DDvSYd,NNJERe,KG2eXe,hc6Ubd,CvtcN,IVuTze,Lamzc,SpsfSb,Z7OaKe,cWjcJb,VwDzFe,NHietc,LgZW9b,Y87did,zbML3c,zbU9W,alwr6,Ebsiqd,ixOrqc,dlck6b,kmkrAf,A7fCU,Uas9Hd,BVgquf,a9EW5e,JGjVRe,hIO81e,pjICDe, line 8485: Error: DisconnectedError, EndCause = 72
JavaScript error: , line 0: uncaught exception: Object
JavaScript error: , line 0: uncaught exception: Object
JavaScript error: , line 0: uncaught exception: Object
JavaScript error: , line 0: uncaught exception: Object
JavaScript error: , line 0: uncaught exception: Object
[Child 7676, MediaDecoderStateMachine #1] WARNING: 1d109429ba0 Could not set cubeb stream name.: file /builds/worker/checkouts/gecko/dom/media/AudioStream.cpp:367
1637483377602	Marionette	INFO	Stopped listening on port 51703
Marionette threw an error: TypeError: browsingContext.currentWindowGlobal is null
getMarionetteCommandsActorProxy/get/<@chrome://remote/content/marionette/actors/MarionetteCommandsParent.jsm:326:29

JavaScript error: chrome://remote/content/marionette/cert.js, line 55: NS_ERROR_NOT_AVAILABLE: Component returned failure code: 0x80040111 (NS_ERROR_NOT_AVAILABLE) [nsICertOverrideService.setDisableAllSecurityChecksAndLetAttackersInterceptMyData]
console.warn: TopSitesFeed: Failed to fetch data from Contile server: NetworkError when attempting to fetch resource.

###!!! [Parent][RunMessage] Error: Channel closing: too late to send/recv, messages will be lost

1637483539540	geckodriver	INFO	Listening on 127.0.0.1:51830
1637483542723	mozrunner::runner	INFO	Running command: "C:\\Users\\bhara\\AppData\\Local\\Mozilla Firefox\\firefox.exe" "--marionette" "--remote-debugging-port" "51831" "-no-remote" "-profile" "C:\\Users\\bhara\\AppData\\Local\\Temp\\rust_mozprofileFcwib7"
1637483543057	Marionette	INFO	Marionette enabled
console.warn: SearchSettings: "get: No settings file exists, new profile?" (new NotFoundError("Could not open the file at C:\\Users\\bhara\\AppData\\Local\\Temp\\rust_mozprofileFcwib7\\search.json.mozlz4", (void 0)))
DevTools listening on ws://localhost:51831/devtools/browser/81d7604d-85a9-4787-8917-f0931c7b8e72
1637483545140	Marionette	INFO	Listening on port 51836
1637483545440	RemoteAgent	WARN	TLS certificate errors will be ignored for this session
1637483577003	Marionette	WARN	Ignoring event 'pageshow' because document has an invalid readyState of 'uninitialized'.
JavaScript warning: https://accounts.google.com/ServiceLogin?service=youtube&uilel=3&passive=true&continue=https%3A%2F%2Fwww.youtube.com%2Fsignin%3Faction_handle_signin%3Dtrue%26app%3Ddesktop%26hl%3Den%26next%3Dhttps%253A%252F%252Fwww.youtube.com%252F&hl=en&ec=65620 line 1 > eval line 5979 > eval line 1 > eval, line 1: WEBGL_debug_renderer_info is deprecated in Firefox and will be removed. Please use RENDERER.
JavaScript error: resource://gre/actors/AutoCompleteChild.jsm, line 125: Error: Invalid autocomplete selectedIndex
JavaScript error: resource://gre/actors/AutoCompleteChild.jsm, line 125: Error: Invalid autocomplete selectedIndex
JavaScript error: resource://gre/modules/LoginManagerChild.jsm, line 194: NS_ERROR_XPC_JAVASCRIPT_ERROR_WITH_DETAILS: [JavaScript Error: "Invalid autocomplete selectedIndex" {file: "resource://gre/actors/AutoCompleteChild.jsm" line: 125}]'[JavaScript Error: "Invalid autocomplete selectedIndex" {file: "resource://gre/actors/AutoCompleteChild.jsm" line: 125}]' when calling method: [nsIAutoCompletePopup::selectedIndex]
JavaScript warning: https://accounts.google.com/ServiceLogin?service=youtube&uilel=3&passive=true&continue=https%3A%2F%2Fwww.youtube.com%2Fsignin%3Faction_handle_signin%3Dtrue%26app%3Ddesktop%26hl%3Den%26next%3Dhttps%253A%252F%252Fwww.youtube.com%252F&hl=en&ec=65620 line 1 > eval line 1130 > eval line 1 > eval, line 1: WEBGL_debug_renderer_info is deprecated in Firefox and will be removed. Please use RENDERER.
1637483597294	Marionette	INFO	Stopped listening on port 51836
console.warn: TopSitesFeed: Failed to fetch data from Contile server: NetworkError when attempting to fetch resource.
JavaScript error: chrome://remote/content/marionette/cert.js, line 55: NS_ERROR_NOT_AVAILABLE: Component returned failure code: 0x80040111 (NS_ERROR_NOT_AVAILABLE) [nsICertOverrideService.setDisableAllSecurityChecksAndLetAttackersInterceptMyData]

###!!! [Parent][RunMessage] Error: Channel closing: too late to send/recv, messages will be lost

1637484141561	geckodriver	INFO	Listening on 127.0.0.1:52122
1637484144718	mozrunner::runner	INFO	Running command: "C:\\Users\\bhara\\AppData\\Local\\Mozilla Firefox\\firefox.exe" "--marionette" "--remote-debugging-port" "52123" "-no-remote" "-profile" "C:\\Users\\bhara\\AppData\\Local\\Temp\\rust_mozprofile3Mgb3E"
1637484145062	Marionette	INFO	Marionette enabled
console.warn: SearchSettings: "get: No settings file exists, new profile?" (new NotFoundError("Could not open the file at C:\\Users\\bhara\\AppData\\Local\\Temp\\rust_mozprofile3Mgb3E\\search.json.mozlz4", (void 0)))
DevTools listening on ws://localhost:52123/devtools/browser/3a6b2939-a957-4de6-8179-536e0ed2d3a9
1637484147299	Marionette	INFO	Listening on port 52128
1637484147446	RemoteAgent	WARN	TLS certificate errors will be ignored for this session
1637484155682	Marionette	INFO	Stopped listening on port 52128
console.warn: TopSitesFeed: Failed to fetch data from Contile server: NetworkError when attempting to fetch resource.
JavaScript error: chrome://remote/content/marionette/cert.js, line 55: NS_ERROR_NOT_AVAILABLE: Component returned failure code: 0x80040111 (NS_ERROR_NOT_AVAILABLE) [nsICertOverrideService.setDisableAllSecurityChecksAndLetAttackersInterceptMyData]

###!!! [Parent][RunMessage] Error: Channel closing: too late to send/recv, messages will be lost

1637484159331	geckodriver	INFO	Listening on 127.0.0.1:52172
1637484175545	geckodriver	INFO	Listening on 127.0.0.1:52180
1637484178628	mozrunner::runner	INFO	Running command: "C:\\Users\\bhara\\AppData\\Local\\Mozilla Firefox\\firefox.exe" "--marionette" "--remote-debugging-port" "52181" "-no-remote" "-profile" "C:\\Users\\bhara\\AppData\\Local\\Temp\\rust_mozprofileQL1Kpj"
1637484178944	Marionette	INFO	Marionette enabled
console.warn: SearchSettings: "get: No settings file exists, new profile?" (new NotFoundError("Could not open the file at C:\\Users\\bhara\\AppData\\Local\\Temp\\rust_mozprofileQL1Kpj\\search.json.mozlz4", (void 0)))
DevTools listening on ws://localhost:52181/devtools/browser/2ae4624a-c0e6-44f1-a04a-14d07a566d59
1637484181162	Marionette	INFO	Listening on port 52186
1637484181322	RemoteAgent	WARN	TLS certificate errors will be ignored for this session
console.log: WebExtensions: reset-default-search: starting.
console.log: WebExtensions: reset-default-search: No addons in our list are installed.
1637484806521	Marionette	INFO	Stopped listening on port 52186
console.warn: TopSitesFeed: Failed to fetch data from Contile server: NetworkError when attempting to fetch resource.
